2018-04-03 21:31:49,005 - root - INFO - ########################
2018-04-03 21:31:49,005 - root - INFO - ### Python Start ###
2018-04-03 21:31:49,005 - root - INFO - ### Split START ###
2018-04-03 21:32:18,276 - root - INFO - ########################
2018-04-03 21:32:18,276 - root - INFO - ### Python Start ###
2018-04-03 21:32:18,276 - root - INFO - ### Split START ###
2018-04-03 21:32:21,410 - root - INFO - ### Split End ###
2018-04-03 21:32:21,410 - root - INFO - ### SpeechAPI START ###
2018-04-03 21:32:37,992 - root - INFO - ### SpeechAPI END ###
2018-04-03 21:32:37,993 - root - INFO - ### Create File START ###
2018-04-03 21:32:50,742 - root - INFO - ########################
2018-04-03 21:32:50,743 - root - INFO - ### Python Start ###
2018-04-03 21:32:50,743 - root - INFO - ### Split START ###
2018-04-03 21:32:55,050 - root - INFO - ### Split End ###
2018-04-03 21:32:55,051 - root - INFO - ### SpeechAPI START ###
2018-04-03 21:33:12,231 - root - INFO - ### SpeechAPI END ###
2018-04-03 21:33:12,233 - root - INFO - ### Create File START ###
2018-04-03 21:33:13,298 - root - INFO - ### Create File END ###
2018-04-03 21:33:13,298 - root - INFO - ### Python End ###
2018-04-03 21:33:13,299 - root - INFO - ########################
