2018-04-03 20:41:52,566 - root - INFO - ########################
2018-04-03 20:41:52,566 - root - INFO - ### Python Start ###
2018-04-03 20:41:52,566 - root - INFO - ### Split START ###
2018-04-03 20:41:54,290 - root - INFO - ### Split End ###
2018-04-03 20:41:54,290 - root - INFO - ### SpeechAPI START ###
2018-04-03 20:41:58,081 - root - INFO - ### SpeechAPI END ###
2018-04-03 20:41:58,091 - root - INFO - ### Create File START ###
2018-04-03 20:41:58,203 - root - INFO - ### Create File END ###
2018-04-03 20:41:58,203 - root - INFO - ### Python End ###
2018-04-03 20:41:58,203 - root - INFO - ########################
2018-04-03 20:42:49,493 - root - INFO - ########################
2018-04-03 20:42:49,493 - root - INFO - ### Python Start ###
2018-04-03 20:42:49,493 - root - INFO - ### Split START ###
2018-04-03 20:42:51,259 - root - INFO - ### Split End ###
2018-04-03 20:42:51,259 - root - INFO - ### SpeechAPI START ###
2018-04-03 20:42:54,913 - root - INFO - ### SpeechAPI END ###
2018-04-03 20:42:54,913 - root - INFO - ### Create File START ###
2018-04-03 20:42:55,021 - root - INFO - ### Create File END ###
2018-04-03 20:42:55,021 - root - INFO - ### Python End ###
2018-04-03 20:42:55,021 - root - INFO - ########################
