2018-04-10 23:00:17,318 - root - INFO - ########################
2018-04-10 23:00:17,318 - root - INFO - ### Python Start ###
2018-04-10 23:00:17,318 - root - INFO - ### Split START ###
2018-04-10 23:00:24,065 - root - INFO - ### Split End ###
2018-04-10 23:00:24,066 - root - INFO - ### SpeechAPI START ###
2018-04-10 23:00:27,901 - root - ERROR - 400 Sync input too long. For audio longer than 1 min use LongRunningRecognize with a 'uri' parameter.
2018-04-10 23:00:38,833 - root - INFO - ### SpeechAPI END ###
2018-04-10 23:00:38,833 - root - INFO - nonsilent_len : 13 dict _ len : 12
2018-04-10 23:00:38,833 - root - INFO - ### Create srt START ###
2018-04-10 23:00:38,833 - root - INFO - ### Create json START ###
2018-04-10 23:00:38,884 - root - ERROR - list index out of range
2018-04-10 23:00:38,884 - root - INFO - ### Create File END ###
2018-04-10 23:00:38,884 - root - INFO - ### Python End ###
2018-04-10 23:00:38,884 - root - INFO - ########################
2018-04-10 23:01:29,883 - root - INFO - ########################
2018-04-10 23:01:29,883 - root - INFO - ### Python Start ###
2018-04-10 23:01:29,883 - root - INFO - ### Split START ###
2018-04-10 23:01:36,757 - root - INFO - ### Split End ###
2018-04-10 23:01:36,757 - root - INFO - ### SpeechAPI START ###
2018-04-10 23:01:39,358 - root - ERROR - 400 Sync input too long. For audio longer than 1 min use LongRunningRecognize with a 'uri' parameter.
2018-04-10 23:01:39,927 - root - ERROR - 400 Sync input too long. For audio longer than 1 min use LongRunningRecognize with a 'uri' parameter.
2018-04-10 23:01:48,092 - root - INFO - ### SpeechAPI END ###
2018-04-10 23:01:48,092 - root - INFO - nonsilent_len : 10 dict _ len : 8
2018-04-10 23:01:48,092 - root - INFO - ### Create srt START ###
2018-04-10 23:01:48,093 - root - INFO - ### Create json START ###
2018-04-10 23:01:48,120 - root - ERROR - list index out of range
2018-04-10 23:01:48,120 - root - INFO - ### Create File END ###
2018-04-10 23:01:48,120 - root - INFO - ### Python End ###
2018-04-10 23:01:48,120 - root - INFO - ########################
2018-04-10 23:06:05,114 - root - INFO - ########################
2018-04-10 23:06:05,115 - root - INFO - ### Python Start ###
2018-04-10 23:06:05,115 - root - INFO - ### Split START ###
2018-04-10 23:06:11,420 - root - INFO - ### Split End ###
2018-04-10 23:06:11,420 - root - INFO - ### SpeechAPI START ###
2018-04-10 23:06:14,086 - root - ERROR - 400 Sync input too long. For audio longer than 1 min use LongRunningRecognize with a 'uri' parameter.
2018-04-10 23:06:23,369 - root - INFO - ### SpeechAPI END ###
2018-04-10 23:06:23,369 - root - INFO - nonsilent_len : 20 dict _ len : 19
2018-04-10 23:06:23,369 - root - INFO - ### Create srt START ###
2018-04-10 23:06:23,375 - root - INFO - ### Create json START ###
2018-04-10 23:06:23,593 - root - ERROR - list index out of range
2018-04-10 23:06:23,593 - root - INFO - ### Create File END ###
2018-04-10 23:06:23,593 - root - INFO - ### Python End ###
2018-04-10 23:06:23,593 - root - INFO - ########################
2018-04-10 23:07:12,673 - root - INFO - ########################
2018-04-10 23:07:12,673 - root - INFO - ### Python Start ###
2018-04-10 23:07:12,673 - root - INFO - ### Split START ###
2018-04-10 23:07:19,004 - root - INFO - ### Split End ###
2018-04-10 23:07:19,004 - root - INFO - ### SpeechAPI START ###
2018-04-10 23:07:21,967 - root - ERROR - 400 Sync input too long. For audio longer than 1 min use LongRunningRecognize with a 'uri' parameter.
2018-04-10 23:07:36,532 - root - INFO - ### SpeechAPI END ###
2018-04-10 23:07:36,533 - root - INFO - nonsilent_len : 20 dict _ len : 19
2018-04-10 23:07:36,533 - root - INFO - ### Create srt START ###
2018-04-10 23:07:36,533 - root - INFO - ### Create json START ###
2018-04-10 23:07:36,707 - root - ERROR - list index out of range
2018-04-10 23:07:36,707 - root - INFO - ### Create File END ###
2018-04-10 23:07:36,707 - root - INFO - ### Python End ###
2018-04-10 23:07:36,707 - root - INFO - ########################
2018-04-10 23:09:58,511 - root - INFO - ########################
2018-04-10 23:09:58,511 - root - INFO - ### Python Start ###
2018-04-10 23:09:58,511 - root - INFO - ### Split START ###
2018-04-10 23:10:07,360 - root - INFO - ### Split End ###
2018-04-10 23:10:07,361 - root - INFO - ### SpeechAPI START ###
2018-04-10 23:10:19,152 - root - INFO - ### SpeechAPI END ###
2018-04-10 23:10:19,152 - root - INFO - nonsilent_len : 88 dict _ len : 88
2018-04-10 23:10:19,152 - root - INFO - ### Create srt START ###
2018-04-10 23:10:19,153 - root - INFO - ### Create json START ###
2018-04-10 23:10:19,782 - root - INFO - ### Create File END ###
2018-04-10 23:10:19,783 - root - INFO - ### Python End ###
2018-04-10 23:10:19,784 - root - INFO - ########################
2018-04-10 23:11:21,069 - root - INFO - ########################
2018-04-10 23:11:21,069 - root - INFO - ### Python Start ###
2018-04-10 23:11:21,069 - root - INFO - ### Split START ###
2018-04-10 23:11:29,067 - root - INFO - ### Split End ###
2018-04-10 23:11:29,067 - root - INFO - ### SpeechAPI START ###
2018-04-10 23:11:39,740 - root - INFO - ### SpeechAPI END ###
2018-04-10 23:11:39,740 - root - INFO - nonsilent_len : 88 dict _ len : 88
2018-04-10 23:11:39,740 - root - INFO - ### Create srt START ###
2018-04-10 23:11:39,741 - root - INFO - ### Create json START ###
2018-04-10 23:11:40,239 - root - INFO - ### Create File END ###
2018-04-10 23:11:40,240 - root - INFO - ### Python End ###
2018-04-10 23:11:40,240 - root - INFO - ########################
2018-04-10 23:14:17,681 - root - INFO - ########################
2018-04-10 23:14:17,682 - root - INFO - ### Python Start ###
2018-04-10 23:14:17,682 - root - INFO - ### Split START ###
2018-04-10 23:14:27,110 - root - INFO - ### Split End ###
2018-04-10 23:14:27,110 - root - INFO - ### SpeechAPI START ###
2018-04-10 23:14:36,485 - root - INFO - ### SpeechAPI END ###
2018-04-10 23:14:36,485 - root - INFO - nonsilent_len : 62 dict _ len : 62
2018-04-10 23:14:36,485 - root - INFO - ### Create srt START ###
2018-04-10 23:14:36,486 - root - INFO - ### Create json START ###
2018-04-10 23:14:36,913 - root - INFO - ### Create File END ###
2018-04-10 23:14:36,914 - root - INFO - ### Python End ###
2018-04-10 23:14:36,914 - root - INFO - ########################
2018-04-10 23:19:12,777 - root - INFO - ########################
2018-04-10 23:19:12,777 - root - INFO - ### Python Start ###
2018-04-10 23:19:12,777 - root - INFO - ### Split START ###
2018-04-10 23:19:12,777 - root - INFO - notting_hill.flac
2018-04-10 23:19:22,468 - root - INFO - ### Split End ###
2018-04-10 23:19:22,468 - root - INFO - ### SpeechAPI START ###
2018-04-10 23:19:31,436 - root - INFO - ### SpeechAPI END ###
2018-04-10 23:19:31,436 - root - INFO - nonsilent_len : 62 dict _ len : 62
2018-04-10 23:19:31,436 - root - INFO - ### Create srt START ###
2018-04-10 23:19:31,444 - root - INFO - ### Create json START ###
2018-04-10 23:19:31,877 - root - INFO - ### Create File END ###
2018-04-10 23:19:31,878 - root - INFO - ### Python End ###
2018-04-10 23:19:31,878 - root - INFO - ########################
2018-04-10 23:21:07,588 - root - INFO - ########################
2018-04-10 23:21:07,588 - root - INFO - ### Python Start ###
2018-04-10 23:21:07,588 - root - INFO - ### Split START ###
2018-04-10 23:21:07,588 - root - INFO - notting_hill.flac
2018-04-10 23:21:16,284 - root - INFO - ### Split End ###
2018-04-10 23:21:16,285 - root - INFO - ### SpeechAPI START ###
2018-04-10 23:21:25,692 - root - INFO - ### SpeechAPI END ###
2018-04-10 23:21:25,692 - root - INFO - nonsilent_len : 62 dict _ len : 62
2018-04-10 23:21:25,693 - root - INFO - ### Create srt START ###
2018-04-10 23:21:25,693 - root - INFO - ### Create json START ###
2018-04-10 23:21:25,694 - root - INFO - http://localhost:9200/classes/notting_hill.flac0
2018-04-10 23:21:25,694 - root - INFO - {
	"start_time": "00:00",
	"end_time": "00:00:01.575",
	"content": "go away today but I"
}
2018-04-10 23:21:25,702 - root - INFO - http://localhost:9200/classes/notting_hill.flac1
2018-04-10 23:21:25,702 - root - INFO - {
	"start_time": "00:00:02.535",
	"end_time": "00:00:04.659",
	"content": "wonder if I didn't"
}
2018-04-10 23:21:25,710 - root - INFO - http://localhost:9200/classes/notting_hill.flac2
2018-04-10 23:21:25,710 - root - INFO - {
	"start_time": "00:00:05.392",
	"end_time": "00:00:11.304",
	"content": "whether you might let me see you a littl or"
}
2018-04-10 23:21:25,717 - root - INFO - http://localhost:9200/classes/notting_hill.flac3
2018-04-10 23:21:25,717 - root - INFO - {
	"start_time": "00:00:11.950",
	"end_time": "00:00:14.148",
	"content": "mayb"
}
2018-04-10 23:21:25,724 - root - INFO - http://localhost:9200/classes/notting_hill.flac4
2018-04-10 23:21:25,725 - root - INFO - {
	"start_time": "00:00:16.328",
	"end_time": "00:00:18.395",
	"content": "see if you could like me again"
}
2018-04-10 23:21:25,732 - root - INFO - http://localhost:9200/classes/notting_hill.flac5
2018-04-10 23:21:25,732 - root - INFO - {
	"start_time": "00:00:19.419",
	"end_time": "00:00:24.548",
	"content": "but yesterday the actor lost you who I wasn't you just dismiss me out of"
}
2018-04-10 23:21:25,740 - root - INFO - http://localhost:9200/classes/notting_hill.flac6
2018-04-10 23:21:25,740 - root - INFO - {
	"start_time": "00:00:29.114",
	"end_time": "00:00:30.554",
	"content": "your microphon on"
}
2018-04-10 23:21:25,748 - root - INFO - http://localhost:9200/classes/notting_hill.flac7
2018-04-10 23:21:25,748 - root - INFO - {
	"start_time": "00:00:32.683",
	"end_time": "00:00:37.142",
	"content": "what you expect me to tell the truth about my life to the most indiscreet man in english"
}
2018-04-10 23:21:25,757 - root - INFO - http://localhost:9200/classes/notting_hill.flac8
2018-04-10 23:21:25,757 - root - INFO - {
	"start_time": "00:00:38.467",
	"end_time": "00:00:41.005",
	"content": "outlook"
}
2018-04-10 23:21:25,766 - root - INFO - http://localhost:9200/classes/notting_hill.flac9
2018-04-10 23:21:25,766 - root - INFO - {
	"start_time": "00:00:42.930",
	"end_time": "00:00:45.411",
	"content": "i'm a fatti level-head bloke"
}
2018-04-10 23:21:25,775 - root - INFO - http://localhost:9200/classes/notting_hill.flac10
2018-04-10 23:21:25,775 - root - INFO - {
	"start_time": "00:00:47.070",
	"end_time": "00:00:47.675",
	"content": "dolphin"
}
2018-04-10 23:21:25,786 - root - INFO - http://localhost:9200/classes/notting_hill.flac11
2018-04-10 23:21:25,786 - root - INFO - {
	"start_time": "00:00:48.295",
	"end_time": "00:00:49.784",
	"content": "an out of love"
}
2018-04-10 23:21:25,798 - root - INFO - http://localhost:9200/classes/notting_hill.flac12
2018-04-10 23:21:25,799 - root - INFO - {
	"start_time": "00:00:50.604",
	"end_time": "00:00:51.754",
	"content": "butter"
}
2018-04-10 23:21:25,807 - root - INFO - http://localhost:9200/classes/notting_hill.flac13
2018-04-10 23:21:25,807 - root - INFO - {
	"start_time": "00:00:55.335",
	"end_time": "00:00:59.163",
	"content": "can I just say no to you"
}
2018-04-10 23:21:25,816 - root - INFO - http://localhost:9200/classes/notting_hill.flac14
2018-04-10 23:21:25,816 - root - INFO - {
	"start_time": "00:00:59.688",
	"end_time": "00:01:01.267",
	"content": "countri crest"
}
2018-04-10 23:21:25,824 - root - INFO - http://localhost:9200/classes/notting_hill.flac15
2018-04-10 23:21:25,824 - root - INFO - {
	"start_time": "00:01:10.504",
	"end_time": "00:01:12.882",
	"content": "cours I"
}
2018-04-10 23:21:25,832 - root - INFO - http://localhost:9200/classes/notting_hill.flac16
2018-04-10 23:21:25,832 - root - INFO - {
	"start_time": "00:01:14.855",
	"end_time": "00:01:15.708",
	"content": "cours"
}
2018-04-10 23:21:25,840 - root - INFO - http://localhost:9200/classes/notting_hill.flac17
2018-04-10 23:21:25,840 - root - INFO - {
	"start_time": "00:01:18.067",
	"end_time": "00:01:22.855",
	"content": "i'll just be go then it' nice to see you"
}
2018-04-10 23:21:25,855 - root - INFO - http://localhost:9200/classes/notting_hill.flac18
2018-04-10 23:21:25,856 - root - INFO - {
	"start_time": "00:01:24.616",
	"end_time": "00:01:26.077",
	"content": "with you i'm in row"
}
2018-04-10 23:21:25,863 - root - INFO - http://localhost:9200/classes/notting_hill.flac19
2018-04-10 23:21:25,863 - root - INFO - {
	"start_time": "00:01:26.647",
	"end_time": "00:01:29.247",
	"content": "danger it seem like"
}
2018-04-10 23:21:25,871 - root - INFO - http://localhost:9200/classes/notting_hill.flac20
2018-04-10 23:21:25,871 - root - INFO - {
	"start_time": "00:01:29.877",
	"end_time": "00:01:34.007",
	"content": "perfect situat file temporari"
}
2018-04-10 23:21:25,880 - root - INFO - http://localhost:9200/classes/notting_hill.flac21
2018-04-10 23:21:25,880 - root - INFO - {
	"start_time": "00:01:34.761",
	"end_time": "00:01:39.092",
	"content": "my rel inexperienc how would I fear not"
}
2018-04-10 23:21:25,888 - root - INFO - http://localhost:9200/classes/notting_hill.flac22
2018-04-10 23:21:25,889 - root - INFO - {
	"start_time": "00:01:39.787",
	"end_time": "00:01:41.642",
	"content": "recov if I wa"
}
2018-04-10 23:21:25,897 - root - INFO - http://localhost:9200/classes/notting_hill.flac23
2018-04-10 23:21:25,897 - root - INFO - {
	"start_time": "00:01:42.628",
	"end_time": "00:01:46.576",
	"content": "onc again caus the side is I would absolut expect to be"
}
2018-04-10 23:21:25,906 - root - INFO - http://localhost:9200/classes/notting_hill.flac24
2018-04-10 23:21:25,906 - root - INFO - {
	"start_time": "00:01:47.517",
	"end_time": "00:01:53.927",
	"content": "ad too mani pictur of you too mani are you drive i'd be"
}
2018-04-10 23:21:25,915 - root - INFO - http://localhost:9200/classes/notting_hill.flac25
2018-04-10 23:21:25,915 - root - INFO - {
	"start_time": "00:01:59.445",
	"end_time": "00:02:06.125",
	"content": "realli is real no is I live in not hill you live in beverli hill"
}
2018-04-10 23:21:25,925 - root - INFO - http://localhost:9200/classes/notting_hill.flac26
2018-04-10 23:21:25,925 - root - INFO - {
	"start_time": "00:02:07.137",
	"end_time": "00:02:11.205",
	"content": "who won the world know who you are my mother ha troubl rememb my name"
}
2018-04-10 23:21:25,936 - root - INFO - http://localhost:9200/classes/notting_hill.flac27
2018-04-10 23:21:25,936 - root - INFO - {
	"start_time": "00:02:24.188",
	"end_time": "00:02:26.971",
	"content": "thing isn't realli real"
}
2018-04-10 23:21:25,946 - root - INFO - http://localhost:9200/classes/notting_hill.flac28
2018-04-10 23:21:25,946 - root - INFO - {
	"start_time": "00:02:31.480",
	"end_time": "00:02:34.522",
	"content": "don't forget"
}
2018-04-10 23:21:25,955 - root - INFO - http://localhost:9200/classes/notting_hill.flac29
2018-04-10 23:21:25,955 - root - INFO - {
	"start_time": "00:02:35.478",
	"end_time": "00:02:37.287",
	"content": "also just a girl"
}
2018-04-10 23:21:25,965 - root - INFO - http://localhost:9200/classes/notting_hill.flac30
2018-04-10 23:21:25,965 - root - INFO - {
	"start_time": "00:02:39.850",
	"end_time": "00:02:41.654",
	"content": "stand in front of a boy"
}
2018-04-10 23:21:25,974 - root - INFO - http://localhost:9200/classes/notting_hill.flac31
2018-04-10 23:21:25,974 - root - INFO - {
	"start_time": "00:02:42.923",
	"end_time": "00:02:45.564",
	"content": "ask him to love her"
}
2018-04-10 23:21:25,982 - root - INFO - http://localhost:9200/classes/notting_hill.flac32
2018-04-10 23:21:25,982 - root - INFO - {
	"start_time": "00:03:13.495",
	"end_time": "00:03:20.270",
	"content": "pink shirt"
}
2018-04-10 23:21:25,990 - root - INFO - http://localhost:9200/classes/notting_hill.flac33
2018-04-10 23:21:25,990 - root - INFO - {
	"start_time": "00:03:22.678",
	"end_time": "00:03:22.999",
	"content": "ye"
}
2018-04-10 23:21:25,999 - root - INFO - http://localhost:9200/classes/notting_hill.flac34
2018-04-10 23:21:25,999 - root - INFO - {
	"start_time": "00:03:25.188",
	"end_time": "00:03:25.701",
	"content": "discuss"
}
2018-04-10 23:21:26,008 - root - INFO - http://localhost:9200/classes/notting_hill.flac35
2018-04-10 23:21:26,008 - root - INFO - {
	"start_time": "00:03:26.768",
	"end_time": "00:03:28.534",
	"content": "are there ani circumst in which"
}
2018-04-10 23:21:26,017 - root - INFO - http://localhost:9200/classes/notting_hill.flac36
2018-04-10 23:21:26,017 - root - INFO - {
	"start_time": "00:03:29.764",
	"end_time": "00:03:30.678",
	"content": "are the two of you"
}
2018-04-10 23:21:26,026 - root - INFO - http://localhost:9200/classes/notting_hill.flac37
2018-04-10 23:21:26,026 - root - INFO - {
	"start_time": "00:03:32.747",
	"end_time": "00:03:34.663",
	"content": "might be more than just good friend"
}
2018-04-10 23:21:26,036 - root - INFO - http://localhost:9200/classes/notting_hill.flac38
2018-04-10 23:21:26,036 - root - INFO - {
	"start_time": "00:03:37.672",
	"end_time": "00:03:39.623",
	"content": "I hope there would be but now i'm"
}
2018-04-10 23:21:26,049 - root - INFO - http://localhost:9200/classes/notting_hill.flac39
2018-04-10 23:21:26,049 - root - INFO - {
	"start_time": "00:03:41.342",
	"end_time": "00:03:42.289",
	"content": "sure there aren't"
}
2018-04-10 23:21:26,060 - root - INFO - http://localhost:9200/classes/notting_hill.flac40
2018-04-10 23:21:26,060 - root - INFO - {
	"start_time": "00:03:42.814",
	"end_time": "00:03:52.001",
	"content": "what would you say i'm sorri just the one question pleas I wa just wonder if"
}
2018-04-10 23:21:26,069 - root - INFO - http://localhost:9200/classes/notting_hill.flac41
2018-04-10 23:21:26,070 - root - INFO - {
	"start_time": "00:03:53.632",
	"end_time": "00:03:56.146",
	"content": "it turn out that thi person"
}
2018-04-10 23:21:26,078 - root - INFO - http://localhost:9200/classes/notting_hill.flac42
2018-04-10 23:21:26,078 - root - INFO - {
	"start_time": "00:03:56.806",
	"end_time": "00:03:59.235",
	"content": "soccer soccer"
}
2018-04-10 23:21:26,088 - root - INFO - http://localhost:9200/classes/notting_hill.flac43
2018-04-10 23:21:26,088 - root - INFO - {
	"start_time": "00:03:59.826",
	"end_time": "00:04:06.471",
	"content": "text text just wonder whether if mr. sanka realiz he been"
}
2018-04-10 23:21:26,097 - root - INFO - http://localhost:9200/classes/notting_hill.flac44
2018-04-10 23:21:26,097 - root - INFO - {
	"start_time": "00:04:07.085",
	"end_time": "00:04:15.652",
	"content": "adopt prick got down on hi knee and beg you to reconsid whether you would in fact"
}
2018-04-10 23:21:26,105 - root - INFO - http://localhost:9200/classes/notting_hill.flac45
2018-04-10 23:21:26,105 - root - INFO - {
	"start_time": "00:04:16.399",
	"end_time": "00:04:16.724",
	"content": "then"
}
2018-04-10 23:21:26,113 - root - INFO - http://localhost:9200/classes/notting_hill.flac46
2018-04-10 23:21:26,113 - root - INFO - {
	"start_time": "00:04:19.016",
	"end_time": "00:04:19.432",
	"content": "consid"
}
2018-04-10 23:21:26,123 - root - INFO - http://localhost:9200/classes/notting_hill.flac47
2018-04-10 23:21:26,123 - root - INFO - {
	"start_time": "00:04:29.738",
	"end_time": "00:04:57.591",
	"content": "ye I believ I would that' veri good news the reader' oppos hound will be absolut delight frank domin if you'd like to ask you a question again"
}
2018-04-10 23:21:26,134 - root - INFO - http://localhost:9200/classes/notting_hill.flac48
2018-04-10 23:21:26,135 - root - INFO - {
	"start_time": "00:05:06.446",
	"end_time": "00:05:21.968",
	"content": "definit pictur"
}
2018-04-10 23:21:26,171 - root - INFO - ### Create File END ###
2018-04-10 23:21:26,171 - root - INFO - ### Python End ###
2018-04-10 23:21:26,171 - root - INFO - ########################
2018-04-10 23:24:08,885 - root - INFO - ########################
2018-04-10 23:24:08,885 - root - INFO - ### Python Start ###
2018-04-10 23:24:08,885 - root - INFO - ### Split START ###
2018-04-10 23:24:08,885 - root - INFO - notting_hill.flac
2018-04-10 23:24:19,603 - root - INFO - ### Split End ###
2018-04-10 23:24:19,604 - root - INFO - ### SpeechAPI START ###
2018-04-10 23:24:28,464 - root - INFO - ### SpeechAPI END ###
2018-04-10 23:24:28,464 - root - INFO - nonsilent_len : 62 dict _ len : 62
2018-04-10 23:24:28,464 - root - INFO - ### Create srt START ###
2018-04-10 23:24:28,465 - root - INFO - ### Create json START ###
2018-04-10 23:24:28,465 - root - INFO - http://localhost:9200/classes/notting_hill.flac0
2018-04-10 23:24:28,466 - root - INFO - {
	"start_time": "00:00",
	"end_time": "00:00:01.575",
	"content": "go away today but I"
}
2018-04-10 23:24:28,474 - root - INFO - http://localhost:9200/classes/notting_hill.flac1
2018-04-10 23:24:28,474 - root - INFO - {
	"start_time": "00:00:02.535",
	"end_time": "00:00:04.659",
	"content": "wonder if I didn't"
}
2018-04-10 23:24:28,482 - root - INFO - http://localhost:9200/classes/notting_hill.flac2
2018-04-10 23:24:28,482 - root - INFO - {
	"start_time": "00:00:05.392",
	"end_time": "00:00:11.304",
	"content": "whether you might let me see you a littl or"
}
2018-04-10 23:24:28,490 - root - INFO - http://localhost:9200/classes/notting_hill.flac3
2018-04-10 23:24:28,490 - root - INFO - {
	"start_time": "00:00:11.949",
	"end_time": "00:00:14.148",
	"content": "mayb"
}
2018-04-10 23:24:28,497 - root - INFO - http://localhost:9200/classes/notting_hill.flac4
2018-04-10 23:24:28,497 - root - INFO - {
	"start_time": "00:00:16.328",
	"end_time": "00:00:18.395",
	"content": "see if you could like me again"
}
2018-04-10 23:24:28,504 - root - INFO - http://localhost:9200/classes/notting_hill.flac5
2018-04-10 23:24:28,505 - root - INFO - {
	"start_time": "00:00:19.419",
	"end_time": "00:00:24.548",
	"content": "but yesterday the actor lost you who I wasn't you just dismiss me out of"
}
2018-04-10 23:24:28,511 - root - INFO - http://localhost:9200/classes/notting_hill.flac6
2018-04-10 23:24:28,512 - root - INFO - {
	"start_time": "00:00:29.114",
	"end_time": "00:00:30.554",
	"content": "your microphon on"
}
2018-04-10 23:24:28,519 - root - INFO - http://localhost:9200/classes/notting_hill.flac7
2018-04-10 23:24:28,519 - root - INFO - {
	"start_time": "00:00:32.683",
	"end_time": "00:00:37.142",
	"content": "what you expect me to tell the truth about my life to the most indiscreet man in english"
}
2018-04-10 23:24:28,526 - root - INFO - http://localhost:9200/classes/notting_hill.flac8
2018-04-10 23:24:28,527 - root - INFO - {
	"start_time": "00:00:38.467",
	"end_time": "00:00:41.005",
	"content": "outlook"
}
2018-04-10 23:24:28,534 - root - INFO - http://localhost:9200/classes/notting_hill.flac9
2018-04-10 23:24:28,534 - root - INFO - {
	"start_time": "00:00:42.930",
	"end_time": "00:00:45.411",
	"content": "i'm a fatti level-head bloke"
}
2018-04-10 23:24:28,542 - root - INFO - http://localhost:9200/classes/notting_hill.flac10
2018-04-10 23:24:28,542 - root - INFO - {
	"start_time": "00:00:47.070",
	"end_time": "00:00:47.675",
	"content": "dolphin"
}
2018-04-10 23:24:28,549 - root - INFO - http://localhost:9200/classes/notting_hill.flac11
2018-04-10 23:24:28,549 - root - INFO - {
	"start_time": "00:00:48.295",
	"end_time": "00:00:49.784",
	"content": "an out of love"
}
2018-04-10 23:24:28,556 - root - INFO - http://localhost:9200/classes/notting_hill.flac12
2018-04-10 23:24:28,556 - root - INFO - {
	"start_time": "00:00:50.604",
	"end_time": "00:00:51.754",
	"content": "butter"
}
2018-04-10 23:24:28,565 - root - INFO - http://localhost:9200/classes/notting_hill.flac13
2018-04-10 23:24:28,565 - root - INFO - {
	"start_time": "00:00:55.335",
	"end_time": "00:00:59.163",
	"content": "can I just say no to you"
}
2018-04-10 23:24:28,573 - root - INFO - http://localhost:9200/classes/notting_hill.flac14
2018-04-10 23:24:28,573 - root - INFO - {
	"start_time": "00:00:59.688",
	"end_time": "00:01:01.267",
	"content": "countri crest"
}
2018-04-10 23:24:28,580 - root - INFO - http://localhost:9200/classes/notting_hill.flac15
2018-04-10 23:24:28,580 - root - INFO - {
	"start_time": "00:01:10.504",
	"end_time": "00:01:12.882",
	"content": "cours I"
}
2018-04-10 23:24:28,588 - root - INFO - http://localhost:9200/classes/notting_hill.flac16
2018-04-10 23:24:28,588 - root - INFO - {
	"start_time": "00:01:14.855",
	"end_time": "00:01:15.708",
	"content": "cours"
}
2018-04-10 23:24:28,595 - root - INFO - http://localhost:9200/classes/notting_hill.flac17
2018-04-10 23:24:28,595 - root - INFO - {
	"start_time": "00:01:18.067",
	"end_time": "00:01:22.855",
	"content": "i'll just be go then it' nice to see you"
}
2018-04-10 23:24:28,608 - root - INFO - http://localhost:9200/classes/notting_hill.flac18
2018-04-10 23:24:28,608 - root - INFO - {
	"start_time": "00:01:24.616",
	"end_time": "00:01:26.077",
	"content": "with you i'm in rout"
}
2018-04-10 23:24:28,616 - root - INFO - http://localhost:9200/classes/notting_hill.flac19
2018-04-10 23:24:28,616 - root - INFO - {
	"start_time": "00:01:26.647",
	"end_time": "00:01:29.247",
	"content": "danger it seem like"
}
2018-04-10 23:24:28,623 - root - INFO - http://localhost:9200/classes/notting_hill.flac20
2018-04-10 23:24:28,623 - root - INFO - {
	"start_time": "00:01:29.877",
	"end_time": "00:01:34.007",
	"content": "perfect situat file temporari"
}
2018-04-10 23:24:28,631 - root - INFO - http://localhost:9200/classes/notting_hill.flac21
2018-04-10 23:24:28,631 - root - INFO - {
	"start_time": "00:01:34.761",
	"end_time": "00:01:39.092",
	"content": "my rel inexperienc how would I fear not"
}
2018-04-10 23:24:28,639 - root - INFO - http://localhost:9200/classes/notting_hill.flac22
2018-04-10 23:24:28,639 - root - INFO - {
	"start_time": "00:01:39.787",
	"end_time": "00:01:41.642",
	"content": "recov if I wa"
}
2018-04-10 23:24:28,647 - root - INFO - http://localhost:9200/classes/notting_hill.flac23
2018-04-10 23:24:28,647 - root - INFO - {
	"start_time": "00:01:42.628",
	"end_time": "00:01:46.576",
	"content": "onc again caus the side is I would absolut expect to be"
}
2018-04-10 23:24:28,655 - root - INFO - http://localhost:9200/classes/notting_hill.flac24
2018-04-10 23:24:28,655 - root - INFO - {
	"start_time": "00:01:47.517",
	"end_time": "00:01:53.927",
	"content": "ad too mani pictur of you too mani are you drive i'd be"
}
2018-04-10 23:24:28,663 - root - INFO - http://localhost:9200/classes/notting_hill.flac25
2018-04-10 23:24:28,663 - root - INFO - {
	"start_time": "00:01:59.445",
	"end_time": "00:02:06.125",
	"content": "realli is real no it' I live in not hill you live in beverli hill"
}
2018-04-10 23:24:28,670 - root - INFO - http://localhost:9200/classes/notting_hill.flac26
2018-04-10 23:24:28,671 - root - INFO - {
	"start_time": "00:02:07.137",
	"end_time": "00:02:11.205",
	"content": "who won the world know who you are my mother ha troubl rememb my name"
}
2018-04-10 23:24:28,678 - root - INFO - http://localhost:9200/classes/notting_hill.flac27
2018-04-10 23:24:28,678 - root - INFO - {
	"start_time": "00:02:24.188",
	"end_time": "00:02:26.971",
	"content": "thing isn't realli real"
}
2018-04-10 23:24:28,685 - root - INFO - http://localhost:9200/classes/notting_hill.flac28
2018-04-10 23:24:28,685 - root - INFO - {
	"start_time": "00:02:31.480",
	"end_time": "00:02:34.522",
	"content": "don't forget"
}
2018-04-10 23:24:28,692 - root - INFO - http://localhost:9200/classes/notting_hill.flac29
2018-04-10 23:24:28,692 - root - INFO - {
	"start_time": "00:02:35.478",
	"end_time": "00:02:37.287",
	"content": "also just a girl"
}
2018-04-10 23:24:28,699 - root - INFO - http://localhost:9200/classes/notting_hill.flac30
2018-04-10 23:24:28,699 - root - INFO - {
	"start_time": "00:02:39.850",
	"end_time": "00:02:41.654",
	"content": "stand in front of a boy"
}
2018-04-10 23:24:28,706 - root - INFO - http://localhost:9200/classes/notting_hill.flac31
2018-04-10 23:24:28,706 - root - INFO - {
	"start_time": "00:02:42.923",
	"end_time": "00:02:45.564",
	"content": "ask him to love her"
}
2018-04-10 23:24:28,713 - root - INFO - http://localhost:9200/classes/notting_hill.flac32
2018-04-10 23:24:28,713 - root - INFO - {
	"start_time": "00:03:13.495",
	"end_time": "00:03:20.270",
	"content": "pink shirt"
}
2018-04-10 23:24:28,721 - root - INFO - http://localhost:9200/classes/notting_hill.flac33
2018-04-10 23:24:28,721 - root - INFO - {
	"start_time": "00:03:22.678",
	"end_time": "00:03:22.999",
	"content": "ye"
}
2018-04-10 23:24:28,728 - root - INFO - http://localhost:9200/classes/notting_hill.flac34
2018-04-10 23:24:28,728 - root - INFO - {
	"start_time": "00:03:25.188",
	"end_time": "00:03:25.701",
	"content": "discuss"
}
2018-04-10 23:24:28,736 - root - INFO - http://localhost:9200/classes/notting_hill.flac35
2018-04-10 23:24:28,736 - root - INFO - {
	"start_time": "00:03:26.768",
	"end_time": "00:03:28.534",
	"content": "are there ani circumst in which"
}
2018-04-10 23:24:28,743 - root - INFO - http://localhost:9200/classes/notting_hill.flac36
2018-04-10 23:24:28,743 - root - INFO - {
	"start_time": "00:03:29.764",
	"end_time": "00:03:30.678",
	"content": "are the two of you"
}
2018-04-10 23:24:28,750 - root - INFO - http://localhost:9200/classes/notting_hill.flac37
2018-04-10 23:24:28,751 - root - INFO - {
	"start_time": "00:03:32.747",
	"end_time": "00:03:34.663",
	"content": "might be more than just good friend"
}
2018-04-10 23:24:28,758 - root - INFO - http://localhost:9200/classes/notting_hill.flac38
2018-04-10 23:24:28,758 - root - INFO - {
	"start_time": "00:03:37.672",
	"end_time": "00:03:39.623",
	"content": "I hope there would be but now i'm"
}
2018-04-10 23:24:28,765 - root - INFO - http://localhost:9200/classes/notting_hill.flac39
2018-04-10 23:24:28,765 - root - INFO - {
	"start_time": "00:03:41.342",
	"end_time": "00:03:42.289",
	"content": "sure there aren't"
}
2018-04-10 23:24:28,772 - root - INFO - http://localhost:9200/classes/notting_hill.flac40
2018-04-10 23:24:28,773 - root - INFO - {
	"start_time": "00:03:42.814",
	"end_time": "00:03:52.001",
	"content": "what would you say i'm sorri just the one question pleas I wa just wonder if"
}
2018-04-10 23:24:28,780 - root - INFO - http://localhost:9200/classes/notting_hill.flac41
2018-04-10 23:24:28,780 - root - INFO - {
	"start_time": "00:03:53.632",
	"end_time": "00:03:56.146",
	"content": "it turn out that thi person"
}
2018-04-10 23:24:28,787 - root - INFO - http://localhost:9200/classes/notting_hill.flac42
2018-04-10 23:24:28,787 - root - INFO - {
	"start_time": "00:03:56.806",
	"end_time": "00:03:59.235",
	"content": "soccer soccer"
}
2018-04-10 23:24:28,795 - root - INFO - http://localhost:9200/classes/notting_hill.flac43
2018-04-10 23:24:28,795 - root - INFO - {
	"start_time": "00:03:59.826",
	"end_time": "00:04:06.471",
	"content": "text text just wonder whether if Mr taco realiz he been"
}
2018-04-10 23:24:28,802 - root - INFO - http://localhost:9200/classes/notting_hill.flac44
2018-04-10 23:24:28,802 - root - INFO - {
	"start_time": "00:04:07.085",
	"end_time": "00:04:15.652",
	"content": "adopt prick got down on hi knee and beg you to reconsid whether you would in fact"
}
2018-04-10 23:24:28,809 - root - INFO - http://localhost:9200/classes/notting_hill.flac45
2018-04-10 23:24:28,809 - root - INFO - {
	"start_time": "00:04:16.399",
	"end_time": "00:04:16.724",
	"content": "then"
}
2018-04-10 23:24:28,816 - root - INFO - http://localhost:9200/classes/notting_hill.flac46
2018-04-10 23:24:28,816 - root - INFO - {
	"start_time": "00:04:19.016",
	"end_time": "00:04:19.432",
	"content": "consid"
}
2018-04-10 23:24:28,824 - root - INFO - http://localhost:9200/classes/notting_hill.flac47
2018-04-10 23:24:28,824 - root - INFO - {
	"start_time": "00:04:29.738",
	"end_time": "00:04:57.591",
	"content": "ye I believ I would that' veri good news the reader' oppos hound will be absolut delight frank domin if you'd like to ask you a question again"
}
2018-04-10 23:24:28,831 - root - INFO - http://localhost:9200/classes/notting_hill.flac48
2018-04-10 23:24:28,831 - root - INFO - {
	"start_time": "00:05:06.446",
	"end_time": "00:05:21.968",
	"content": "definit pictur"
}
2018-04-10 23:24:28,839 - root - INFO - ### Create File END ###
2018-04-10 23:24:28,839 - root - INFO - ### Python End ###
2018-04-10 23:24:28,839 - root - INFO - ########################
2018-04-10 23:25:47,162 - root - INFO - ########################
2018-04-10 23:25:47,162 - root - INFO - ### Python Start ###
2018-04-10 23:25:47,162 - root - INFO - ### Split START ###
2018-04-10 23:25:47,162 - root - INFO - notting_hill.flac
2018-04-10 23:25:55,802 - root - INFO - ### Split End ###
2018-04-10 23:25:55,802 - root - INFO - ### SpeechAPI START ###
2018-04-10 23:26:03,334 - root - INFO - ### SpeechAPI END ###
2018-04-10 23:26:03,334 - root - INFO - nonsilent_len : 62 dict _ len : 62
2018-04-10 23:26:03,334 - root - INFO - ### Create srt START ###
2018-04-10 23:26:03,335 - root - INFO - ### Create json START ###
2018-04-10 23:26:03,335 - root - INFO - http://localhost:9200/classes/notting_hill.flac
2018-04-10 23:26:03,335 - root - INFO - {
	"start_time": "00:00",
	"end_time": "00:00:01.575",
	"content": "go away today but I"
}
2018-04-10 23:26:03,344 - root - INFO - http://localhost:9200/classes/notting_hill.flac
2018-04-10 23:26:03,344 - root - INFO - {
	"start_time": "00:00:02.535",
	"end_time": "00:00:04.659",
	"content": "wonder if I didn't"
}
2018-04-10 23:26:03,352 - root - INFO - http://localhost:9200/classes/notting_hill.flac
2018-04-10 23:26:03,352 - root - INFO - {
	"start_time": "00:00:05.392",
	"end_time": "00:00:11.304",
	"content": "whether you might let me see you a littl or"
}
2018-04-10 23:26:03,360 - root - INFO - http://localhost:9200/classes/notting_hill.flac
2018-04-10 23:26:03,360 - root - INFO - {
	"start_time": "00:00:11.950",
	"end_time": "00:00:14.148",
	"content": "mayb"
}
2018-04-10 23:26:03,368 - root - INFO - http://localhost:9200/classes/notting_hill.flac
2018-04-10 23:26:03,368 - root - INFO - {
	"start_time": "00:00:16.328",
	"end_time": "00:00:18.395",
	"content": "see if you could like me again"
}
2018-04-10 23:26:03,377 - root - INFO - http://localhost:9200/classes/notting_hill.flac
2018-04-10 23:26:03,377 - root - INFO - {
	"start_time": "00:00:19.419",
	"end_time": "00:00:24.548",
	"content": "but yesterday the actor lost you who I wasn't you just dismiss me out of"
}
2018-04-10 23:26:03,384 - root - INFO - http://localhost:9200/classes/notting_hill.flac
2018-04-10 23:26:03,384 - root - INFO - {
	"start_time": "00:00:29.114",
	"end_time": "00:00:30.554",
	"content": "your microphon on"
}
2018-04-10 23:26:03,392 - root - INFO - http://localhost:9200/classes/notting_hill.flac
2018-04-10 23:26:03,393 - root - INFO - {
	"start_time": "00:00:32.683",
	"end_time": "00:00:37.142",
	"content": "what you expect me to tell the truth about my life to the most indiscreet man in england"
}
2018-04-10 23:26:03,400 - root - INFO - http://localhost:9200/classes/notting_hill.flac
2018-04-10 23:26:03,401 - root - INFO - {
	"start_time": "00:00:38.467",
	"end_time": "00:00:41.005",
	"content": "outlook"
}
2018-04-10 23:26:03,409 - root - INFO - http://localhost:9200/classes/notting_hill.flac
2018-04-10 23:26:03,409 - root - INFO - {
	"start_time": "00:00:42.930",
	"end_time": "00:00:45.411",
	"content": "i'm a fatti level-head bloke"
}
2018-04-10 23:26:03,416 - root - INFO - http://localhost:9200/classes/notting_hill.flac
2018-04-10 23:26:03,416 - root - INFO - {
	"start_time": "00:00:47.070",
	"end_time": "00:00:47.675",
	"content": "dolphin"
}
2018-04-10 23:26:03,424 - root - INFO - http://localhost:9200/classes/notting_hill.flac
2018-04-10 23:26:03,424 - root - INFO - {
	"start_time": "00:00:48.295",
	"end_time": "00:00:49.784",
	"content": "piano out of love"
}
2018-04-10 23:26:03,432 - root - INFO - http://localhost:9200/classes/notting_hill.flac
2018-04-10 23:26:03,432 - root - INFO - {
	"start_time": "00:00:50.604",
	"end_time": "00:00:51.754",
	"content": "butter"
}
2018-04-10 23:26:03,440 - root - INFO - http://localhost:9200/classes/notting_hill.flac
2018-04-10 23:26:03,440 - root - INFO - {
	"start_time": "00:00:55.335",
	"end_time": "00:00:59.163",
	"content": "tri to say no to you"
}
2018-04-10 23:26:03,448 - root - INFO - http://localhost:9200/classes/notting_hill.flac
2018-04-10 23:26:03,448 - root - INFO - {
	"start_time": "00:00:59.688",
	"end_time": "00:01:01.267",
	"content": "countri crest"
}
2018-04-10 23:26:03,456 - root - INFO - http://localhost:9200/classes/notting_hill.flac
2018-04-10 23:26:03,456 - root - INFO - {
	"start_time": "00:01:10.504",
	"end_time": "00:01:12.882",
	"content": "cours I"
}
2018-04-10 23:26:03,464 - root - INFO - http://localhost:9200/classes/notting_hill.flac
2018-04-10 23:26:03,464 - root - INFO - {
	"start_time": "00:01:14.855",
	"end_time": "00:01:15.708",
	"content": "cours"
}
2018-04-10 23:26:03,472 - root - INFO - http://localhost:9200/classes/notting_hill.flac
2018-04-10 23:26:03,473 - root - INFO - {
	"start_time": "00:01:18.067",
	"end_time": "00:01:22.855",
	"content": "i'll just be go then it' nice to see you"
}
2018-04-10 23:26:03,481 - root - INFO - http://localhost:9200/classes/notting_hill.flac
2018-04-10 23:26:03,481 - root - INFO - {
	"start_time": "00:01:24.616",
	"end_time": "00:01:26.077",
	"content": "with you i'm in rout"
}
2018-04-10 23:26:03,495 - root - INFO - http://localhost:9200/classes/notting_hill.flac
2018-04-10 23:26:03,495 - root - INFO - {
	"start_time": "00:01:26.647",
	"end_time": "00:01:29.247",
	"content": "danger it seem like"
}
2018-04-10 23:26:03,503 - root - INFO - http://localhost:9200/classes/notting_hill.flac
2018-04-10 23:26:03,503 - root - INFO - {
	"start_time": "00:01:29.877",
	"end_time": "00:01:34.007",
	"content": "perfect situat file temporari"
}
2018-04-10 23:26:03,511 - root - INFO - http://localhost:9200/classes/notting_hill.flac
2018-04-10 23:26:03,511 - root - INFO - {
	"start_time": "00:01:34.761",
	"end_time": "00:01:39.092",
	"content": "my rel inexperienc how would I fear not"
}
2018-04-10 23:26:03,519 - root - INFO - http://localhost:9200/classes/notting_hill.flac
2018-04-10 23:26:03,519 - root - INFO - {
	"start_time": "00:01:39.787",
	"end_time": "00:01:41.642",
	"content": "recov if I wa"
}
2018-04-10 23:26:03,526 - root - INFO - http://localhost:9200/classes/notting_hill.flac
2018-04-10 23:26:03,526 - root - INFO - {
	"start_time": "00:01:42.628",
	"end_time": "00:01:46.576",
	"content": "onc again caus the side is I would absolut expect to be"
}
2018-04-10 23:26:03,534 - root - INFO - http://localhost:9200/classes/notting_hill.flac
2018-04-10 23:26:03,534 - root - INFO - {
	"start_time": "00:01:47.517",
	"end_time": "00:01:53.927",
	"content": "ad too mani pictur of you too mani are you drive i'd be"
}
2018-04-10 23:26:03,542 - root - INFO - http://localhost:9200/classes/notting_hill.flac
2018-04-10 23:26:03,542 - root - INFO - {
	"start_time": "00:01:59.445",
	"end_time": "00:02:06.125",
	"content": "realli is real no it' I live in not hill you live in beverli hill"
}
2018-04-10 23:26:03,551 - root - INFO - http://localhost:9200/classes/notting_hill.flac
2018-04-10 23:26:03,551 - root - INFO - {
	"start_time": "00:02:07.137",
	"end_time": "00:02:11.205",
	"content": "who won the world know who you are my mother ha troubl rememb my name"
}
2018-04-10 23:26:03,600 - root - INFO - http://localhost:9200/classes/notting_hill.flac
2018-04-10 23:26:03,600 - root - INFO - {
	"start_time": "00:02:24.188",
	"end_time": "00:02:26.971",
	"content": "thing isn't realli real"
}
2018-04-10 23:26:03,617 - root - INFO - http://localhost:9200/classes/notting_hill.flac
2018-04-10 23:26:03,617 - root - INFO - {
	"start_time": "00:02:31.480",
	"end_time": "00:02:34.522",
	"content": "don't forget"
}
2018-04-10 23:26:03,624 - root - INFO - http://localhost:9200/classes/notting_hill.flac
2018-04-10 23:26:03,624 - root - INFO - {
	"start_time": "00:02:35.478",
	"end_time": "00:02:37.287",
	"content": "also just a girl"
}
2018-04-10 23:26:03,631 - root - INFO - http://localhost:9200/classes/notting_hill.flac
2018-04-10 23:26:03,631 - root - INFO - {
	"start_time": "00:02:39.850",
	"end_time": "00:02:41.654",
	"content": "stand in front of a boy"
}
2018-04-10 23:26:03,638 - root - INFO - http://localhost:9200/classes/notting_hill.flac
2018-04-10 23:26:03,638 - root - INFO - {
	"start_time": "00:02:42.923",
	"end_time": "00:02:45.564",
	"content": "ask him to love her"
}
2018-04-10 23:26:03,646 - root - INFO - http://localhost:9200/classes/notting_hill.flac
2018-04-10 23:26:03,646 - root - INFO - {
	"start_time": "00:03:13.495",
	"end_time": "00:03:20.270",
	"content": "pink shirt"
}
2018-04-10 23:26:03,672 - root - INFO - http://localhost:9200/classes/notting_hill.flac
2018-04-10 23:26:03,672 - root - INFO - {
	"start_time": "00:03:22.678",
	"end_time": "00:03:22.999",
	"content": "ye"
}
2018-04-10 23:26:03,681 - root - INFO - http://localhost:9200/classes/notting_hill.flac
2018-04-10 23:26:03,681 - root - INFO - {
	"start_time": "00:03:25.188",
	"end_time": "00:03:25.701",
	"content": "discuss"
}
2018-04-10 23:26:03,692 - root - INFO - http://localhost:9200/classes/notting_hill.flac
2018-04-10 23:26:03,692 - root - INFO - {
	"start_time": "00:03:26.768",
	"end_time": "00:03:28.534",
	"content": "are there ani circumst in which"
}
2018-04-10 23:26:03,700 - root - INFO - http://localhost:9200/classes/notting_hill.flac
2018-04-10 23:26:03,700 - root - INFO - {
	"start_time": "00:03:29.764",
	"end_time": "00:03:30.678",
	"content": "are the two of you"
}
2018-04-10 23:26:03,709 - root - INFO - http://localhost:9200/classes/notting_hill.flac
2018-04-10 23:26:03,709 - root - INFO - {
	"start_time": "00:03:32.747",
	"end_time": "00:03:34.663",
	"content": "might be more than just good friend"
}
2018-04-10 23:26:03,717 - root - INFO - http://localhost:9200/classes/notting_hill.flac
2018-04-10 23:26:03,717 - root - INFO - {
	"start_time": "00:03:37.672",
	"end_time": "00:03:39.623",
	"content": "I hope there would be but now i'm"
}
2018-04-10 23:26:03,724 - root - INFO - http://localhost:9200/classes/notting_hill.flac
2018-04-10 23:26:03,725 - root - INFO - {
	"start_time": "00:03:41.342",
	"end_time": "00:03:42.289",
	"content": "sure there aren't"
}
2018-04-10 23:26:03,733 - root - INFO - http://localhost:9200/classes/notting_hill.flac
2018-04-10 23:26:03,733 - root - INFO - {
	"start_time": "00:03:42.814",
	"end_time": "00:03:52.001",
	"content": "what would you say i'm sorri just the one question pleas I wa just wonder if"
}
2018-04-10 23:26:03,741 - root - INFO - http://localhost:9200/classes/notting_hill.flac
2018-04-10 23:26:03,741 - root - INFO - {
	"start_time": "00:03:53.632",
	"end_time": "00:03:56.146",
	"content": "it turn out that thi person"
}
2018-04-10 23:26:03,749 - root - INFO - http://localhost:9200/classes/notting_hill.flac
2018-04-10 23:26:03,749 - root - INFO - {
	"start_time": "00:03:56.806",
	"end_time": "00:03:59.235",
	"content": "soccer soccer"
}
2018-04-10 23:26:03,758 - root - INFO - http://localhost:9200/classes/notting_hill.flac
2018-04-10 23:26:03,758 - root - INFO - {
	"start_time": "00:03:59.826",
	"end_time": "00:04:06.471",
	"content": "text text just wonder whether if mr. taka realiz he been"
}
2018-04-10 23:26:03,766 - root - INFO - http://localhost:9200/classes/notting_hill.flac
2018-04-10 23:26:03,766 - root - INFO - {
	"start_time": "00:04:07.085",
	"end_time": "00:04:15.652",
	"content": "adopt prick got down on hi knee and beg you to reconsid whether you would in fact"
}
2018-04-10 23:26:03,776 - root - INFO - http://localhost:9200/classes/notting_hill.flac
2018-04-10 23:26:03,776 - root - INFO - {
	"start_time": "00:04:16.399",
	"end_time": "00:04:16.724",
	"content": "then"
}
2018-04-10 23:26:03,784 - root - INFO - http://localhost:9200/classes/notting_hill.flac
2018-04-10 23:26:03,785 - root - INFO - {
	"start_time": "00:04:19.016",
	"end_time": "00:04:19.432",
	"content": "consid"
}
2018-04-10 23:26:03,793 - root - INFO - http://localhost:9200/classes/notting_hill.flac
2018-04-10 23:26:03,794 - root - INFO - {
	"start_time": "00:04:29.738",
	"end_time": "00:04:57.591",
	"content": "ye I believ I would that' veri good news the reader' oppos hound will be absolut delight frank domin if you'd like to ask you a question again"
}
2018-04-10 23:26:03,802 - root - INFO - http://localhost:9200/classes/notting_hill.flac
2018-04-10 23:26:03,802 - root - INFO - {
	"start_time": "00:05:06.446",
	"end_time": "00:05:21.968",
	"content": "definit pictur"
}
2018-04-10 23:26:03,809 - root - INFO - ### Create File END ###
2018-04-10 23:26:03,810 - root - INFO - ### Python End ###
2018-04-10 23:26:03,810 - root - INFO - ########################
2018-04-11 10:37:14,498 - root - INFO - ########################
2018-04-11 10:37:14,498 - root - INFO - ### Python Start ###
2018-04-11 10:37:14,498 - root - INFO - ### Split START ###
2018-04-11 10:37:14,498 - root - INFO - notting_hill.flac
2018-04-11 10:37:24,179 - root - INFO - ### Split End ###
2018-04-11 10:37:24,179 - root - INFO - ### SpeechAPI START ###
2018-04-11 10:37:33,683 - root - INFO - ### SpeechAPI END ###
2018-04-11 10:37:33,683 - root - INFO - nonsilent_len : 62 dict _ len : 62
2018-04-11 10:37:33,683 - root - INFO - ### Create srt START ###
2018-04-11 10:37:33,684 - root - INFO - ### Create json START ###
2018-04-11 10:37:33,684 - root - INFO - http://localhost:9200/classes/notting_hill.flac/
2018-04-11 10:37:33,685 - root - INFO - {
	"start_time": "00:00",
	"end_time": "00:00:01.575",
	"content": "go away today but I"
}
2018-04-11 10:37:33,718 - root - INFO - http://localhost:9200/classes/notting_hill.flac/
2018-04-11 10:37:33,718 - root - INFO - {
	"start_time": "00:00:02.535",
	"end_time": "00:00:04.659",
	"content": "wonder if I didn't"
}
2018-04-11 10:37:33,730 - root - INFO - http://localhost:9200/classes/notting_hill.flac/
2018-04-11 10:37:33,730 - root - INFO - {
	"start_time": "00:00:05.392",
	"end_time": "00:00:11.304",
	"content": "whether you might let me see you a littl or"
}
2018-04-11 10:37:33,743 - root - INFO - http://localhost:9200/classes/notting_hill.flac/
2018-04-11 10:37:33,743 - root - INFO - {
	"start_time": "00:00:11.949",
	"end_time": "00:00:14.148",
	"content": "mayb"
}
2018-04-11 10:37:33,753 - root - INFO - http://localhost:9200/classes/notting_hill.flac/
2018-04-11 10:37:33,753 - root - INFO - {
	"start_time": "00:00:16.328",
	"end_time": "00:00:18.395",
	"content": "see if you could like me again"
}
2018-04-11 10:37:33,763 - root - INFO - http://localhost:9200/classes/notting_hill.flac/
2018-04-11 10:37:33,763 - root - INFO - {
	"start_time": "00:00:19.419",
	"end_time": "00:00:24.548",
	"content": "but yesterday the actor lost you who I wasn't you just dismiss me out of"
}
2018-04-11 10:37:33,774 - root - INFO - http://localhost:9200/classes/notting_hill.flac/
2018-04-11 10:37:33,774 - root - INFO - {
	"start_time": "00:00:29.114",
	"end_time": "00:00:30.554",
	"content": "your microphon on"
}
2018-04-11 10:37:33,784 - root - INFO - http://localhost:9200/classes/notting_hill.flac/
2018-04-11 10:37:33,784 - root - INFO - {
	"start_time": "00:00:32.683",
	"end_time": "00:00:37.142",
	"content": "what you expect me to tell the truth about my life to the most indiscreet man in english"
}
2018-04-11 10:37:33,793 - root - INFO - http://localhost:9200/classes/notting_hill.flac/
2018-04-11 10:37:33,793 - root - INFO - {
	"start_time": "00:00:38.467",
	"end_time": "00:00:41.005",
	"content": "outlook"
}
2018-04-11 10:37:33,804 - root - INFO - http://localhost:9200/classes/notting_hill.flac/
2018-04-11 10:37:33,804 - root - INFO - {
	"start_time": "00:00:42.930",
	"end_time": "00:00:45.411",
	"content": "i'm a fatti level-head bloke"
}
2018-04-11 10:37:33,813 - root - INFO - http://localhost:9200/classes/notting_hill.flac/
2018-04-11 10:37:33,813 - root - INFO - {
	"start_time": "00:00:47.070",
	"end_time": "00:00:47.675",
	"content": "dolphin"
}
2018-04-11 10:37:33,822 - root - INFO - http://localhost:9200/classes/notting_hill.flac/
2018-04-11 10:37:33,822 - root - INFO - {
	"start_time": "00:00:48.295",
	"end_time": "00:00:49.784",
	"content": "yeah and out of love"
}
2018-04-11 10:37:33,831 - root - INFO - http://localhost:9200/classes/notting_hill.flac/
2018-04-11 10:37:33,831 - root - INFO - {
	"start_time": "00:00:50.604",
	"end_time": "00:00:51.754",
	"content": "butter"
}
2018-04-11 10:37:33,840 - root - INFO - http://localhost:9200/classes/notting_hill.flac/
2018-04-11 10:37:33,840 - root - INFO - {
	"start_time": "00:00:55.335",
	"end_time": "00:00:59.163",
	"content": "tri to say no to you"
}
2018-04-11 10:37:33,849 - root - INFO - http://localhost:9200/classes/notting_hill.flac/
2018-04-11 10:37:33,849 - root - INFO - {
	"start_time": "00:00:59.688",
	"end_time": "00:01:01.267",
	"content": "countri crest"
}
2018-04-11 10:37:33,858 - root - INFO - http://localhost:9200/classes/notting_hill.flac/
2018-04-11 10:37:33,858 - root - INFO - {
	"start_time": "00:01:10.504",
	"end_time": "00:01:12.882",
	"content": "cours I"
}
2018-04-11 10:37:33,867 - root - INFO - http://localhost:9200/classes/notting_hill.flac/
2018-04-11 10:37:33,867 - root - INFO - {
	"start_time": "00:01:14.855",
	"end_time": "00:01:15.708",
	"content": "cours"
}
2018-04-11 10:37:33,878 - root - INFO - http://localhost:9200/classes/notting_hill.flac/
2018-04-11 10:37:33,878 - root - INFO - {
	"start_time": "00:01:18.067",
	"end_time": "00:01:22.855",
	"content": "i'll just be go then it' nice to see you"
}
2018-04-11 10:37:33,887 - root - INFO - http://localhost:9200/classes/notting_hill.flac/
2018-04-11 10:37:33,887 - root - INFO - {
	"start_time": "00:01:24.616",
	"end_time": "00:01:26.077",
	"content": "with you i'm in rout"
}
2018-04-11 10:37:33,900 - root - INFO - http://localhost:9200/classes/notting_hill.flac/
2018-04-11 10:37:33,900 - root - INFO - {
	"start_time": "00:01:26.647",
	"end_time": "00:01:29.247",
	"content": "danger it seem like"
}
2018-04-11 10:37:33,909 - root - INFO - http://localhost:9200/classes/notting_hill.flac/
2018-04-11 10:37:33,909 - root - INFO - {
	"start_time": "00:01:29.877",
	"end_time": "00:01:34.007",
	"content": "perfect situat file temporari"
}
2018-04-11 10:37:33,917 - root - INFO - http://localhost:9200/classes/notting_hill.flac/
2018-04-11 10:37:33,917 - root - INFO - {
	"start_time": "00:01:34.761",
	"end_time": "00:01:39.092",
	"content": "my rel inexperienc how would I fear not"
}
2018-04-11 10:37:33,927 - root - INFO - http://localhost:9200/classes/notting_hill.flac/
2018-04-11 10:37:33,927 - root - INFO - {
	"start_time": "00:01:39.787",
	"end_time": "00:01:41.642",
	"content": "recov if I wa"
}
2018-04-11 10:37:33,937 - root - INFO - http://localhost:9200/classes/notting_hill.flac/
2018-04-11 10:37:33,937 - root - INFO - {
	"start_time": "00:01:42.628",
	"end_time": "00:01:46.576",
	"content": "onc again caus the side is I would absolut expect to be"
}
2018-04-11 10:37:33,949 - root - INFO - http://localhost:9200/classes/notting_hill.flac/
2018-04-11 10:37:33,949 - root - INFO - {
	"start_time": "00:01:47.517",
	"end_time": "00:01:53.927",
	"content": "ad too mani pictur of you too mani are you drive i'd be"
}
2018-04-11 10:37:33,959 - root - INFO - http://localhost:9200/classes/notting_hill.flac/
2018-04-11 10:37:33,959 - root - INFO - {
	"start_time": "00:01:59.445",
	"end_time": "00:02:06.125",
	"content": "realli is real no is I live in not hill you live in beverli hill"
}
2018-04-11 10:37:33,970 - root - INFO - http://localhost:9200/classes/notting_hill.flac/
2018-04-11 10:37:33,970 - root - INFO - {
	"start_time": "00:02:07.137",
	"end_time": "00:02:11.205",
	"content": "who won the world know who you are my mother ha troubl rememb my name"
}
2018-04-11 10:37:33,980 - root - INFO - http://localhost:9200/classes/notting_hill.flac/
2018-04-11 10:37:33,980 - root - INFO - {
	"start_time": "00:02:24.188",
	"end_time": "00:02:26.971",
	"content": "thing isn't realli real"
}
2018-04-11 10:37:33,991 - root - INFO - http://localhost:9200/classes/notting_hill.flac/
2018-04-11 10:37:33,991 - root - INFO - {
	"start_time": "00:02:31.480",
	"end_time": "00:02:34.522",
	"content": "don't forget"
}
2018-04-11 10:37:34,000 - root - INFO - http://localhost:9200/classes/notting_hill.flac/
2018-04-11 10:37:34,000 - root - INFO - {
	"start_time": "00:02:35.478",
	"end_time": "00:02:37.287",
	"content": "also just a girl"
}
2018-04-11 10:37:34,010 - root - INFO - http://localhost:9200/classes/notting_hill.flac/
2018-04-11 10:37:34,010 - root - INFO - {
	"start_time": "00:02:39.850",
	"end_time": "00:02:41.654",
	"content": "stand in front of a boy"
}
2018-04-11 10:37:34,020 - root - INFO - http://localhost:9200/classes/notting_hill.flac/
2018-04-11 10:37:34,020 - root - INFO - {
	"start_time": "00:02:42.923",
	"end_time": "00:02:45.564",
	"content": "ask him to love her"
}
2018-04-11 10:37:34,030 - root - INFO - http://localhost:9200/classes/notting_hill.flac/
2018-04-11 10:37:34,030 - root - INFO - {
	"start_time": "00:03:13.495",
	"end_time": "00:03:20.270",
	"content": "pink shirt"
}
2018-04-11 10:37:34,039 - root - INFO - http://localhost:9200/classes/notting_hill.flac/
2018-04-11 10:37:34,039 - root - INFO - {
	"start_time": "00:03:22.678",
	"end_time": "00:03:22.999",
	"content": "ye"
}
2018-04-11 10:37:34,049 - root - INFO - http://localhost:9200/classes/notting_hill.flac/
2018-04-11 10:37:34,049 - root - INFO - {
	"start_time": "00:03:25.188",
	"end_time": "00:03:25.701",
	"content": "discuss"
}
2018-04-11 10:37:34,059 - root - INFO - http://localhost:9200/classes/notting_hill.flac/
2018-04-11 10:37:34,059 - root - INFO - {
	"start_time": "00:03:26.768",
	"end_time": "00:03:28.534",
	"content": "are there ani circumst in which"
}
2018-04-11 10:37:34,070 - root - INFO - http://localhost:9200/classes/notting_hill.flac/
2018-04-11 10:37:34,070 - root - INFO - {
	"start_time": "00:03:29.764",
	"end_time": "00:03:30.678",
	"content": "are the two of you"
}
2018-04-11 10:37:34,080 - root - INFO - http://localhost:9200/classes/notting_hill.flac/
2018-04-11 10:37:34,080 - root - INFO - {
	"start_time": "00:03:32.747",
	"end_time": "00:03:34.663",
	"content": "might be more than just good friend"
}
2018-04-11 10:37:34,090 - root - INFO - http://localhost:9200/classes/notting_hill.flac/
2018-04-11 10:37:34,091 - root - INFO - {
	"start_time": "00:03:37.672",
	"end_time": "00:03:39.623",
	"content": "I hope there would be but now i'm"
}
2018-04-11 10:37:34,101 - root - INFO - http://localhost:9200/classes/notting_hill.flac/
2018-04-11 10:37:34,101 - root - INFO - {
	"start_time": "00:03:41.342",
	"end_time": "00:03:42.289",
	"content": "sure there aren't"
}
2018-04-11 10:37:34,112 - root - INFO - http://localhost:9200/classes/notting_hill.flac/
2018-04-11 10:37:34,112 - root - INFO - {
	"start_time": "00:03:42.814",
	"end_time": "00:03:52.001",
	"content": "what would you say i'm sorri just the one question pleas I wa just wonder if"
}
2018-04-11 10:37:34,122 - root - INFO - http://localhost:9200/classes/notting_hill.flac/
2018-04-11 10:37:34,122 - root - INFO - {
	"start_time": "00:03:53.632",
	"end_time": "00:03:56.146",
	"content": "it turn out that thi person"
}
2018-04-11 10:37:34,131 - root - INFO - http://localhost:9200/classes/notting_hill.flac/
2018-04-11 10:37:34,132 - root - INFO - {
	"start_time": "00:03:56.806",
	"end_time": "00:03:59.235",
	"content": "soccer soccer"
}
2018-04-11 10:37:34,141 - root - INFO - http://localhost:9200/classes/notting_hill.flac/
2018-04-11 10:37:34,141 - root - INFO - {
	"start_time": "00:03:59.826",
	"end_time": "00:04:06.471",
	"content": "text text just wonder whether if Mr taco realiz he been"
}
2018-04-11 10:37:34,152 - root - INFO - http://localhost:9200/classes/notting_hill.flac/
2018-04-11 10:37:34,152 - root - INFO - {
	"start_time": "00:04:07.085",
	"end_time": "00:04:15.652",
	"content": "adopt prick got down on hi knee and beg you to reconsid whether you would in fact"
}
2018-04-11 10:37:34,161 - root - INFO - http://localhost:9200/classes/notting_hill.flac/
2018-04-11 10:37:34,162 - root - INFO - {
	"start_time": "00:04:16.399",
	"end_time": "00:04:16.724",
	"content": "then"
}
2018-04-11 10:37:34,171 - root - INFO - http://localhost:9200/classes/notting_hill.flac/
2018-04-11 10:37:34,171 - root - INFO - {
	"start_time": "00:04:19.016",
	"end_time": "00:04:19.432",
	"content": "consid"
}
2018-04-11 10:37:34,182 - root - INFO - http://localhost:9200/classes/notting_hill.flac/
2018-04-11 10:37:34,182 - root - INFO - {
	"start_time": "00:04:29.738",
	"end_time": "00:04:57.591",
	"content": "ye I believ I would that' veri good news the reader' oppos hound will be absolut delight frank domin if you'd like to ask you a question again"
}
2018-04-11 10:37:34,191 - root - INFO - http://localhost:9200/classes/notting_hill.flac/
2018-04-11 10:37:34,191 - root - INFO - {
	"start_time": "00:05:06.446",
	"end_time": "00:05:21.968",
	"content": "definit pictur"
}
2018-04-11 10:37:34,200 - root - INFO - ### Create File END ###
2018-04-11 10:37:34,201 - root - INFO - ### Python End ###
2018-04-11 10:37:34,201 - root - INFO - ########################
2018-04-11 10:39:55,768 - root - INFO - ########################
2018-04-11 10:39:55,769 - root - INFO - ### Python Start ###
2018-04-11 10:39:55,769 - root - INFO - ### Split START ###
2018-04-11 10:39:55,769 - root - INFO - notting_hill.flac
2018-04-11 10:40:04,740 - root - INFO - ### Split End ###
2018-04-11 10:40:04,741 - root - INFO - ### SpeechAPI START ###
2018-04-11 10:40:19,012 - root - INFO - ### SpeechAPI END ###
2018-04-11 10:40:19,013 - root - INFO - nonsilent_len : 62 dict _ len : 62
2018-04-11 10:40:19,013 - root - INFO - ### Create srt START ###
2018-04-11 10:40:19,014 - root - INFO - ### Create json START ###
2018-04-11 10:40:19,014 - root - INFO - http://localhost:9200/classes/notting_hill.flac/0
2018-04-11 10:40:19,014 - root - INFO - {
	"start_time": "00:00",
	"end_time": "00:00:01.575",
	"content": "go away today but I"
}
2018-04-11 10:40:19,024 - root - INFO - http://localhost:9200/classes/notting_hill.flac/1
2018-04-11 10:40:19,024 - root - INFO - {
	"start_time": "00:00:02.535",
	"end_time": "00:00:04.659",
	"content": "wonder if I didn't"
}
2018-04-11 10:40:19,034 - root - INFO - http://localhost:9200/classes/notting_hill.flac/2
2018-04-11 10:40:19,034 - root - INFO - {
	"start_time": "00:00:05.392",
	"end_time": "00:00:11.304",
	"content": "whether you might let me see you a littl or"
}
2018-04-11 10:40:19,046 - root - INFO - http://localhost:9200/classes/notting_hill.flac/3
2018-04-11 10:40:19,046 - root - INFO - {
	"start_time": "00:00:11.949",
	"end_time": "00:00:14.148",
	"content": "mayb"
}
2018-04-11 10:40:19,055 - root - INFO - http://localhost:9200/classes/notting_hill.flac/4
2018-04-11 10:40:19,056 - root - INFO - {
	"start_time": "00:00:16.328",
	"end_time": "00:00:18.395",
	"content": "see if you could like me again"
}
2018-04-11 10:40:19,065 - root - INFO - http://localhost:9200/classes/notting_hill.flac/5
2018-04-11 10:40:19,065 - root - INFO - {
	"start_time": "00:00:19.419",
	"end_time": "00:00:24.548",
	"content": "but yesterday the actor lost you who I wasn't you just dismiss me out of"
}
2018-04-11 10:40:19,074 - root - INFO - http://localhost:9200/classes/notting_hill.flac/6
2018-04-11 10:40:19,074 - root - INFO - {
	"start_time": "00:00:29.114",
	"end_time": "00:00:30.554",
	"content": "your microphon on"
}
2018-04-11 10:40:19,084 - root - INFO - http://localhost:9200/classes/notting_hill.flac/7
2018-04-11 10:40:19,084 - root - INFO - {
	"start_time": "00:00:32.683",
	"end_time": "00:00:37.142",
	"content": "what you expect me to tell the truth about my life to the most indiscreet man in english"
}
2018-04-11 10:40:19,093 - root - INFO - http://localhost:9200/classes/notting_hill.flac/8
2018-04-11 10:40:19,093 - root - INFO - {
	"start_time": "00:00:38.467",
	"end_time": "00:00:41.005",
	"content": "anna look"
}
2018-04-11 10:40:19,102 - root - INFO - http://localhost:9200/classes/notting_hill.flac/9
2018-04-11 10:40:19,103 - root - INFO - {
	"start_time": "00:00:42.930",
	"end_time": "00:00:45.411",
	"content": "i'm a fatti level-head bloke"
}
2018-04-11 10:40:19,112 - root - INFO - http://localhost:9200/classes/notting_hill.flac/10
2018-04-11 10:40:19,112 - root - INFO - {
	"start_time": "00:00:47.070",
	"end_time": "00:00:47.675",
	"content": "dolphin"
}
2018-04-11 10:40:19,121 - root - INFO - http://localhost:9200/classes/notting_hill.flac/11
2018-04-11 10:40:19,121 - root - INFO - {
	"start_time": "00:00:48.295",
	"end_time": "00:00:49.784",
	"content": "piano out of love"
}
2018-04-11 10:40:19,131 - root - INFO - http://localhost:9200/classes/notting_hill.flac/12
2018-04-11 10:40:19,131 - root - INFO - {
	"start_time": "00:00:50.604",
	"end_time": "00:00:51.754",
	"content": "butter"
}
2018-04-11 10:40:19,141 - root - INFO - http://localhost:9200/classes/notting_hill.flac/13
2018-04-11 10:40:19,141 - root - INFO - {
	"start_time": "00:00:55.335",
	"end_time": "00:00:59.163",
	"content": "tri to say no to you"
}
2018-04-11 10:40:19,150 - root - INFO - http://localhost:9200/classes/notting_hill.flac/14
2018-04-11 10:40:19,151 - root - INFO - {
	"start_time": "00:00:59.688",
	"end_time": "00:01:01.267",
	"content": "countri crest"
}
2018-04-11 10:40:19,160 - root - INFO - http://localhost:9200/classes/notting_hill.flac/15
2018-04-11 10:40:19,160 - root - INFO - {
	"start_time": "00:01:10.504",
	"end_time": "00:01:12.882",
	"content": "cours I"
}
2018-04-11 10:40:19,169 - root - INFO - http://localhost:9200/classes/notting_hill.flac/16
2018-04-11 10:40:19,169 - root - INFO - {
	"start_time": "00:01:14.855",
	"end_time": "00:01:15.708",
	"content": "cours"
}
2018-04-11 10:40:19,178 - root - INFO - http://localhost:9200/classes/notting_hill.flac/17
2018-04-11 10:40:19,178 - root - INFO - {
	"start_time": "00:01:18.067",
	"end_time": "00:01:22.855",
	"content": "i'll just be go then it' nice to see you"
}
2018-04-11 10:40:19,193 - root - INFO - http://localhost:9200/classes/notting_hill.flac/18
2018-04-11 10:40:19,193 - root - INFO - {
	"start_time": "00:01:24.616",
	"end_time": "00:01:26.077",
	"content": "with you i'm in rout"
}
2018-04-11 10:40:19,202 - root - INFO - http://localhost:9200/classes/notting_hill.flac/19
2018-04-11 10:40:19,203 - root - INFO - {
	"start_time": "00:01:26.647",
	"end_time": "00:01:29.247",
	"content": "danger it seem like"
}
2018-04-11 10:40:19,212 - root - INFO - http://localhost:9200/classes/notting_hill.flac/20
2018-04-11 10:40:19,212 - root - INFO - {
	"start_time": "00:01:29.877",
	"end_time": "00:01:34.007",
	"content": "perfect situat file temporari"
}
2018-04-11 10:40:19,221 - root - INFO - http://localhost:9200/classes/notting_hill.flac/21
2018-04-11 10:40:19,222 - root - INFO - {
	"start_time": "00:01:34.761",
	"end_time": "00:01:39.092",
	"content": "my rel inexperienc how would I fear not"
}
2018-04-11 10:40:19,231 - root - INFO - http://localhost:9200/classes/notting_hill.flac/22
2018-04-11 10:40:19,231 - root - INFO - {
	"start_time": "00:01:39.787",
	"end_time": "00:01:41.642",
	"content": "recov if I wa"
}
2018-04-11 10:40:19,240 - root - INFO - http://localhost:9200/classes/notting_hill.flac/23
2018-04-11 10:40:19,240 - root - INFO - {
	"start_time": "00:01:42.628",
	"end_time": "00:01:46.576",
	"content": "onc again caus the side is I would absolut expect to be"
}
2018-04-11 10:40:19,249 - root - INFO - http://localhost:9200/classes/notting_hill.flac/24
2018-04-11 10:40:19,249 - root - INFO - {
	"start_time": "00:01:47.517",
	"end_time": "00:01:53.927",
	"content": "ad too mani pictur of you too mani are you drive i'd be"
}
2018-04-11 10:40:19,258 - root - INFO - http://localhost:9200/classes/notting_hill.flac/25
2018-04-11 10:40:19,258 - root - INFO - {
	"start_time": "00:01:59.445",
	"end_time": "00:02:06.125",
	"content": "realli is real no is I live in not hill you live in beverli hill"
}
2018-04-11 10:40:19,269 - root - INFO - http://localhost:9200/classes/notting_hill.flac/26
2018-04-11 10:40:19,269 - root - INFO - {
	"start_time": "00:02:07.137",
	"end_time": "00:02:11.205",
	"content": "who won the world know who you are my mother ha troubl rememb my name"
}
2018-04-11 10:40:19,278 - root - INFO - http://localhost:9200/classes/notting_hill.flac/27
2018-04-11 10:40:19,278 - root - INFO - {
	"start_time": "00:02:24.188",
	"end_time": "00:02:26.971",
	"content": "thing isn't realli real"
}
2018-04-11 10:40:19,294 - root - INFO - http://localhost:9200/classes/notting_hill.flac/28
2018-04-11 10:40:19,294 - root - INFO - {
	"start_time": "00:02:31.480",
	"end_time": "00:02:34.522",
	"content": "don't forget"
}
2018-04-11 10:40:19,305 - root - INFO - http://localhost:9200/classes/notting_hill.flac/29
2018-04-11 10:40:19,305 - root - INFO - {
	"start_time": "00:02:35.478",
	"end_time": "00:02:37.287",
	"content": "also just a girl"
}
2018-04-11 10:40:19,315 - root - INFO - http://localhost:9200/classes/notting_hill.flac/30
2018-04-11 10:40:19,315 - root - INFO - {
	"start_time": "00:02:39.850",
	"end_time": "00:02:41.654",
	"content": "stand in front of a boy"
}
2018-04-11 10:40:19,328 - root - INFO - http://localhost:9200/classes/notting_hill.flac/31
2018-04-11 10:40:19,328 - root - INFO - {
	"start_time": "00:02:42.923",
	"end_time": "00:02:45.564",
	"content": "ask him to love her"
}
2018-04-11 10:40:19,338 - root - INFO - http://localhost:9200/classes/notting_hill.flac/32
2018-04-11 10:40:19,338 - root - INFO - {
	"start_time": "00:03:13.495",
	"end_time": "00:03:20.270",
	"content": "pink shirt"
}
2018-04-11 10:40:19,348 - root - INFO - http://localhost:9200/classes/notting_hill.flac/33
2018-04-11 10:40:19,348 - root - INFO - {
	"start_time": "00:03:22.678",
	"end_time": "00:03:22.999",
	"content": "ye"
}
2018-04-11 10:40:19,361 - root - INFO - http://localhost:9200/classes/notting_hill.flac/34
2018-04-11 10:40:19,361 - root - INFO - {
	"start_time": "00:03:25.188",
	"end_time": "00:03:25.701",
	"content": "discuss"
}
2018-04-11 10:40:19,373 - root - INFO - http://localhost:9200/classes/notting_hill.flac/35
2018-04-11 10:40:19,373 - root - INFO - {
	"start_time": "00:03:26.768",
	"end_time": "00:03:28.534",
	"content": "are there ani circumst in which"
}
2018-04-11 10:40:19,384 - root - INFO - http://localhost:9200/classes/notting_hill.flac/36
2018-04-11 10:40:19,384 - root - INFO - {
	"start_time": "00:03:29.764",
	"end_time": "00:03:30.678",
	"content": "are the two of you"
}
2018-04-11 10:40:19,395 - root - INFO - http://localhost:9200/classes/notting_hill.flac/37
2018-04-11 10:40:19,395 - root - INFO - {
	"start_time": "00:03:32.747",
	"end_time": "00:03:34.663",
	"content": "might be more than just good friend"
}
2018-04-11 10:40:19,406 - root - INFO - http://localhost:9200/classes/notting_hill.flac/38
2018-04-11 10:40:19,406 - root - INFO - {
	"start_time": "00:03:37.672",
	"end_time": "00:03:39.623",
	"content": "I hope there would be but now i'm"
}
2018-04-11 10:40:19,416 - root - INFO - http://localhost:9200/classes/notting_hill.flac/39
2018-04-11 10:40:19,416 - root - INFO - {
	"start_time": "00:03:41.342",
	"end_time": "00:03:42.289",
	"content": "sure there aren't"
}
2018-04-11 10:40:19,427 - root - INFO - http://localhost:9200/classes/notting_hill.flac/40
2018-04-11 10:40:19,427 - root - INFO - {
	"start_time": "00:03:42.814",
	"end_time": "00:03:52.001",
	"content": "what would you say i'm sorri just the one question pleas I wa just wonder if"
}
2018-04-11 10:40:19,437 - root - INFO - http://localhost:9200/classes/notting_hill.flac/41
2018-04-11 10:40:19,437 - root - INFO - {
	"start_time": "00:03:53.632",
	"end_time": "00:03:56.146",
	"content": "it turn out that thi person"
}
2018-04-11 10:40:19,448 - root - INFO - http://localhost:9200/classes/notting_hill.flac/42
2018-04-11 10:40:19,448 - root - INFO - {
	"start_time": "00:03:56.806",
	"end_time": "00:03:59.235",
	"content": "soccer soccer"
}
2018-04-11 10:40:19,460 - root - INFO - http://localhost:9200/classes/notting_hill.flac/43
2018-04-11 10:40:19,460 - root - INFO - {
	"start_time": "00:03:59.826",
	"end_time": "00:04:06.471",
	"content": "text next just wonder whether if Mr taco realiz he been"
}
2018-04-11 10:40:19,474 - root - INFO - http://localhost:9200/classes/notting_hill.flac/44
2018-04-11 10:40:19,474 - root - INFO - {
	"start_time": "00:04:07.085",
	"end_time": "00:04:15.652",
	"content": "adopt prick got down on hi knee and beg you to reconsid whether you would in fact"
}
2018-04-11 10:40:19,486 - root - INFO - http://localhost:9200/classes/notting_hill.flac/45
2018-04-11 10:40:19,486 - root - INFO - {
	"start_time": "00:04:16.399",
	"end_time": "00:04:16.724",
	"content": "then"
}
2018-04-11 10:40:19,498 - root - INFO - http://localhost:9200/classes/notting_hill.flac/46
2018-04-11 10:40:19,498 - root - INFO - {
	"start_time": "00:04:19.016",
	"end_time": "00:04:19.432",
	"content": "consid"
}
2018-04-11 10:40:19,509 - root - INFO - http://localhost:9200/classes/notting_hill.flac/47
2018-04-11 10:40:19,509 - root - INFO - {
	"start_time": "00:04:29.738",
	"end_time": "00:04:57.591",
	"content": "ye I believ I would that' veri good news the reader' oppos hound will be absolut delight frank domin if you'd like to ask you a question again"
}
2018-04-11 10:40:19,519 - root - INFO - http://localhost:9200/classes/notting_hill.flac/48
2018-04-11 10:40:19,519 - root - INFO - {
	"start_time": "00:05:06.446",
	"end_time": "00:05:21.968",
	"content": "definit pictur"
}
2018-04-11 10:40:19,529 - root - INFO - ### Create File END ###
2018-04-11 10:40:19,529 - root - INFO - ### Python End ###
2018-04-11 10:40:19,529 - root - INFO - ########################
2018-04-11 11:16:36,766 - root - INFO - ########################
2018-04-11 11:16:36,767 - root - INFO - ### Python Start ###
2018-04-11 11:16:36,767 - root - INFO - ### Split START ###
2018-04-11 11:16:36,767 - root - INFO - notting_hill.flac
2018-04-11 11:16:45,920 - root - INFO - ### Split End ###
2018-04-11 11:16:45,920 - root - INFO - ### SpeechAPI START ###
2018-04-11 11:16:54,137 - root - INFO - ### SpeechAPI END ###
2018-04-11 11:16:54,137 - root - INFO - nonsilent_len : 62 dict _ len : 62
2018-04-11 11:16:54,137 - root - INFO - ### Create srt START ###
2018-04-11 11:16:54,138 - root - INFO - ### Create json START ###
2018-04-11 11:16:54,138 - root - INFO - http://localhost:9200/notting_hill/notting_hill.flac?pretty
2018-04-11 11:16:54,138 - root - INFO - {
	"start_time": "00:00",
	"end_time": "00:00:01.575",
	"content": "go away today but I"
}
2018-04-11 11:16:54,206 - root - INFO - http://localhost:9200/notting_hill/notting_hill.flac?pretty
2018-04-11 11:16:54,206 - root - INFO - {
	"start_time": "00:00:02.535",
	"end_time": "00:00:04.659",
	"content": "wonder if I didn't"
}
2018-04-11 11:16:54,215 - root - INFO - http://localhost:9200/notting_hill/notting_hill.flac?pretty
2018-04-11 11:16:54,215 - root - INFO - {
	"start_time": "00:00:05.392",
	"end_time": "00:00:11.304",
	"content": "whether you might let me see you a littl or"
}
2018-04-11 11:16:54,223 - root - INFO - http://localhost:9200/notting_hill/notting_hill.flac?pretty
2018-04-11 11:16:54,223 - root - INFO - {
	"start_time": "00:00:11.947",
	"end_time": "00:00:14.148",
	"content": "mayb"
}
2018-04-11 11:16:54,233 - root - INFO - http://localhost:9200/notting_hill/notting_hill.flac?pretty
2018-04-11 11:16:54,233 - root - INFO - {
	"start_time": "00:00:16.328",
	"end_time": "00:00:18.395",
	"content": "see if you could like me again"
}
2018-04-11 11:16:54,242 - root - INFO - http://localhost:9200/notting_hill/notting_hill.flac?pretty
2018-04-11 11:16:54,243 - root - INFO - {
	"start_time": "00:00:19.419",
	"end_time": "00:00:24.548",
	"content": "but yesterday the actor lost you who I wasn't you just dismiss me out of"
}
2018-04-11 11:16:54,251 - root - INFO - http://localhost:9200/notting_hill/notting_hill.flac?pretty
2018-04-11 11:16:54,251 - root - INFO - {
	"start_time": "00:00:29.114",
	"end_time": "00:00:30.554",
	"content": "your microphon on"
}
2018-04-11 11:16:54,258 - root - INFO - http://localhost:9200/notting_hill/notting_hill.flac?pretty
2018-04-11 11:16:54,258 - root - INFO - {
	"start_time": "00:00:32.683",
	"end_time": "00:00:37.142",
	"content": "what you expect me to tell the truth about my life to the most indiscreet man in english"
}
2018-04-11 11:16:54,264 - root - INFO - http://localhost:9200/notting_hill/notting_hill.flac?pretty
2018-04-11 11:16:54,264 - root - INFO - {
	"start_time": "00:00:38.467",
	"end_time": "00:00:41.005",
	"content": "outlook"
}
2018-04-11 11:16:54,272 - root - INFO - http://localhost:9200/notting_hill/notting_hill.flac?pretty
2018-04-11 11:16:54,272 - root - INFO - {
	"start_time": "00:00:42.930",
	"end_time": "00:00:45.411",
	"content": "i'm a fatti level-head bloke"
}
2018-04-11 11:16:54,279 - root - INFO - http://localhost:9200/notting_hill/notting_hill.flac?pretty
2018-04-11 11:16:54,279 - root - INFO - {
	"start_time": "00:00:47.070",
	"end_time": "00:00:47.675",
	"content": "dolphin"
}
2018-04-11 11:16:54,285 - root - INFO - http://localhost:9200/notting_hill/notting_hill.flac?pretty
2018-04-11 11:16:54,285 - root - INFO - {
	"start_time": "00:00:48.295",
	"end_time": "00:00:49.784",
	"content": "an out of love"
}
2018-04-11 11:16:54,291 - root - INFO - http://localhost:9200/notting_hill/notting_hill.flac?pretty
2018-04-11 11:16:54,291 - root - INFO - {
	"start_time": "00:00:50.604",
	"end_time": "00:00:51.754",
	"content": "butter"
}
2018-04-11 11:16:54,298 - root - INFO - http://localhost:9200/notting_hill/notting_hill.flac?pretty
2018-04-11 11:16:54,298 - root - INFO - {
	"start_time": "00:00:55.335",
	"end_time": "00:00:59.163",
	"content": "tri to say no to you"
}
2018-04-11 11:16:54,307 - root - INFO - http://localhost:9200/notting_hill/notting_hill.flac?pretty
2018-04-11 11:16:54,307 - root - INFO - {
	"start_time": "00:00:59.688",
	"end_time": "00:01:01.267",
	"content": "countri crest"
}
2018-04-11 11:16:54,313 - root - INFO - http://localhost:9200/notting_hill/notting_hill.flac?pretty
2018-04-11 11:16:54,313 - root - INFO - {
	"start_time": "00:01:10.504",
	"end_time": "00:01:12.882",
	"content": "cours I"
}
2018-04-11 11:16:54,321 - root - INFO - http://localhost:9200/notting_hill/notting_hill.flac?pretty
2018-04-11 11:16:54,322 - root - INFO - {
	"start_time": "00:01:14.855",
	"end_time": "00:01:15.708",
	"content": "cours"
}
2018-04-11 11:16:54,330 - root - INFO - http://localhost:9200/notting_hill/notting_hill.flac?pretty
2018-04-11 11:16:54,330 - root - INFO - {
	"start_time": "00:01:18.067",
	"end_time": "00:01:22.855",
	"content": "i'll just be go then it' nice to see you"
}
2018-04-11 11:16:54,338 - root - INFO - http://localhost:9200/notting_hill/notting_hill.flac?pretty
2018-04-11 11:16:54,338 - root - INFO - {
	"start_time": "00:01:24.616",
	"end_time": "00:01:26.077",
	"content": "with you i'm in rout"
}
2018-04-11 11:16:54,353 - root - INFO - http://localhost:9200/notting_hill/notting_hill.flac?pretty
2018-04-11 11:16:54,353 - root - INFO - {
	"start_time": "00:01:26.647",
	"end_time": "00:01:29.247",
	"content": "danger it seem like"
}
2018-04-11 11:16:54,359 - root - INFO - http://localhost:9200/notting_hill/notting_hill.flac?pretty
2018-04-11 11:16:54,359 - root - INFO - {
	"start_time": "00:01:29.877",
	"end_time": "00:01:34.007",
	"content": "perfect situat file temporari"
}
2018-04-11 11:16:54,365 - root - INFO - http://localhost:9200/notting_hill/notting_hill.flac?pretty
2018-04-11 11:16:54,365 - root - INFO - {
	"start_time": "00:01:34.761",
	"end_time": "00:01:39.092",
	"content": "my rel inexperienc hardwood I fear not"
}
2018-04-11 11:16:54,372 - root - INFO - http://localhost:9200/notting_hill/notting_hill.flac?pretty
2018-04-11 11:16:54,373 - root - INFO - {
	"start_time": "00:01:39.787",
	"end_time": "00:01:41.642",
	"content": "recov if I wa"
}
2018-04-11 11:16:54,378 - root - INFO - http://localhost:9200/notting_hill/notting_hill.flac?pretty
2018-04-11 11:16:54,379 - root - INFO - {
	"start_time": "00:01:42.628",
	"end_time": "00:01:46.576",
	"content": "onc again caus the side is I would absolut expect to be"
}
2018-04-11 11:16:54,385 - root - INFO - http://localhost:9200/notting_hill/notting_hill.flac?pretty
2018-04-11 11:16:54,385 - root - INFO - {
	"start_time": "00:01:47.517",
	"end_time": "00:01:53.927",
	"content": "ad too mani pictur of you too mani are you drive i'd be"
}
2018-04-11 11:16:54,392 - root - INFO - http://localhost:9200/notting_hill/notting_hill.flac?pretty
2018-04-11 11:16:54,392 - root - INFO - {
	"start_time": "00:01:59.445",
	"end_time": "00:02:06.125",
	"content": "realli is real no is I live in not hill you live in beverli hill"
}
2018-04-11 11:16:54,398 - root - INFO - http://localhost:9200/notting_hill/notting_hill.flac?pretty
2018-04-11 11:16:54,398 - root - INFO - {
	"start_time": "00:02:07.137",
	"end_time": "00:02:11.205",
	"content": "who won the world know who you are my mother ha troubl rememb my name"
}
2018-04-11 11:16:54,405 - root - INFO - http://localhost:9200/notting_hill/notting_hill.flac?pretty
2018-04-11 11:16:54,405 - root - INFO - {
	"start_time": "00:02:24.188",
	"end_time": "00:02:26.971",
	"content": "thing isn't realli real"
}
2018-04-11 11:16:54,412 - root - INFO - http://localhost:9200/notting_hill/notting_hill.flac?pretty
2018-04-11 11:16:54,413 - root - INFO - {
	"start_time": "00:02:31.480",
	"end_time": "00:02:34.522",
	"content": "don't forget"
}
2018-04-11 11:16:54,419 - root - INFO - http://localhost:9200/notting_hill/notting_hill.flac?pretty
2018-04-11 11:16:54,419 - root - INFO - {
	"start_time": "00:02:35.478",
	"end_time": "00:02:37.287",
	"content": "also just a girl"
}
2018-04-11 11:16:54,428 - root - INFO - http://localhost:9200/notting_hill/notting_hill.flac?pretty
2018-04-11 11:16:54,428 - root - INFO - {
	"start_time": "00:02:39.850",
	"end_time": "00:02:41.654",
	"content": "stand in front of a boy"
}
2018-04-11 11:16:54,435 - root - INFO - http://localhost:9200/notting_hill/notting_hill.flac?pretty
2018-04-11 11:16:54,435 - root - INFO - {
	"start_time": "00:02:42.923",
	"end_time": "00:02:45.564",
	"content": "ask him to love her"
}
2018-04-11 11:16:54,443 - root - INFO - http://localhost:9200/notting_hill/notting_hill.flac?pretty
2018-04-11 11:16:54,443 - root - INFO - {
	"start_time": "00:03:13.495",
	"end_time": "00:03:20.270",
	"content": "pink shirt"
}
2018-04-11 11:16:54,449 - root - INFO - http://localhost:9200/notting_hill/notting_hill.flac?pretty
2018-04-11 11:16:54,450 - root - INFO - {
	"start_time": "00:03:22.678",
	"end_time": "00:03:22.999",
	"content": "ye"
}
2018-04-11 11:16:54,456 - root - INFO - http://localhost:9200/notting_hill/notting_hill.flac?pretty
2018-04-11 11:16:54,456 - root - INFO - {
	"start_time": "00:03:25.188",
	"end_time": "00:03:25.701",
	"content": "discuss"
}
2018-04-11 11:16:54,462 - root - INFO - http://localhost:9200/notting_hill/notting_hill.flac?pretty
2018-04-11 11:16:54,462 - root - INFO - {
	"start_time": "00:03:26.768",
	"end_time": "00:03:28.534",
	"content": "are there ani circumst in which"
}
2018-04-11 11:16:54,469 - root - INFO - http://localhost:9200/notting_hill/notting_hill.flac?pretty
2018-04-11 11:16:54,469 - root - INFO - {
	"start_time": "00:03:29.764",
	"end_time": "00:03:30.678",
	"content": "are the two of you"
}
2018-04-11 11:16:54,476 - root - INFO - http://localhost:9200/notting_hill/notting_hill.flac?pretty
2018-04-11 11:16:54,476 - root - INFO - {
	"start_time": "00:03:32.747",
	"end_time": "00:03:34.663",
	"content": "might be more than just good friend"
}
2018-04-11 11:16:54,482 - root - INFO - http://localhost:9200/notting_hill/notting_hill.flac?pretty
2018-04-11 11:16:54,482 - root - INFO - {
	"start_time": "00:03:37.672",
	"end_time": "00:03:39.623",
	"content": "I hope there would be but now i'm"
}
2018-04-11 11:16:54,489 - root - INFO - http://localhost:9200/notting_hill/notting_hill.flac?pretty
2018-04-11 11:16:54,489 - root - INFO - {
	"start_time": "00:03:41.342",
	"end_time": "00:03:42.289",
	"content": "sure there aren't"
}
2018-04-11 11:16:54,495 - root - INFO - http://localhost:9200/notting_hill/notting_hill.flac?pretty
2018-04-11 11:16:54,495 - root - INFO - {
	"start_time": "00:03:42.814",
	"end_time": "00:03:52.001",
	"content": "what would you say i'm sorri just the one question pleas I wa just wonder if"
}
2018-04-11 11:16:54,502 - root - INFO - http://localhost:9200/notting_hill/notting_hill.flac?pretty
2018-04-11 11:16:54,502 - root - INFO - {
	"start_time": "00:03:53.632",
	"end_time": "00:03:56.146",
	"content": "it turn out that thi person"
}
2018-04-11 11:16:54,509 - root - INFO - http://localhost:9200/notting_hill/notting_hill.flac?pretty
2018-04-11 11:16:54,510 - root - INFO - {
	"start_time": "00:03:56.806",
	"end_time": "00:03:59.235",
	"content": "soccer soccer"
}
2018-04-11 11:16:54,517 - root - INFO - http://localhost:9200/notting_hill/notting_hill.flac?pretty
2018-04-11 11:16:54,517 - root - INFO - {
	"start_time": "00:03:59.826",
	"end_time": "00:04:06.471",
	"content": "text next just wonder whether if Mr taco realiz he been"
}
2018-04-11 11:16:54,523 - root - INFO - http://localhost:9200/notting_hill/notting_hill.flac?pretty
2018-04-11 11:16:54,523 - root - INFO - {
	"start_time": "00:04:07.085",
	"end_time": "00:04:15.652",
	"content": "adopt prick got down on hi knee and beg you to reconsid whether you would in fact"
}
2018-04-11 11:16:54,529 - root - INFO - http://localhost:9200/notting_hill/notting_hill.flac?pretty
2018-04-11 11:16:54,530 - root - INFO - {
	"start_time": "00:04:16.399",
	"end_time": "00:04:16.724",
	"content": "then"
}
2018-04-11 11:16:54,536 - root - INFO - http://localhost:9200/notting_hill/notting_hill.flac?pretty
2018-04-11 11:16:54,536 - root - INFO - {
	"start_time": "00:04:19.016",
	"end_time": "00:04:19.432",
	"content": "consid"
}
2018-04-11 11:16:54,542 - root - INFO - http://localhost:9200/notting_hill/notting_hill.flac?pretty
2018-04-11 11:16:54,542 - root - INFO - {
	"start_time": "00:04:29.738",
	"end_time": "00:04:57.591",
	"content": "ye I believ I would that' veri good news the reader' oppos hound will be absolut delight frank domin if you'd like to ask you a question again"
}
2018-04-11 11:16:54,548 - root - INFO - http://localhost:9200/notting_hill/notting_hill.flac?pretty
2018-04-11 11:16:54,548 - root - INFO - {
	"start_time": "00:05:06.446",
	"end_time": "00:05:21.968",
	"content": "definit pictur"
}
2018-04-11 11:16:54,554 - root - INFO - ### Create File END ###
2018-04-11 11:16:54,555 - root - INFO - ### Python End ###
2018-04-11 11:16:54,555 - root - INFO - ########################
2018-04-11 11:28:25,207 - root - INFO - ########################
2018-04-11 11:28:25,208 - root - INFO - ### Python Start ###
2018-04-11 11:28:25,208 - root - INFO - ### Split START ###
2018-04-11 11:28:25,208 - root - INFO - notting_hill.flac
2018-04-11 11:28:35,123 - root - INFO - ### Split End ###
2018-04-11 11:28:35,123 - root - INFO - ### SpeechAPI START ###
2018-04-11 11:28:45,581 - root - INFO - ### SpeechAPI END ###
2018-04-11 11:28:45,581 - root - INFO - nonsilent_len : 62 dict _ len : 62
2018-04-11 11:28:45,581 - root - INFO - ### Create srt START ###
2018-04-11 11:28:45,582 - root - INFO - ### Create json START ###
2018-04-11 11:28:45,921 - root - INFO - ### Create File END ###
2018-04-11 11:28:45,922 - root - INFO - ### Python End ###
2018-04-11 11:28:45,922 - root - INFO - ########################
2018-04-11 11:29:06,927 - root - INFO - ########################
2018-04-11 11:29:06,927 - root - INFO - ### Python Start ###
2018-04-11 11:29:06,927 - root - INFO - ### Split START ###
2018-04-11 11:29:06,927 - root - INFO - test.flac
2018-04-11 11:29:08,673 - root - INFO - ### Split End ###
2018-04-11 11:29:08,674 - root - INFO - ### SpeechAPI START ###
2018-04-11 11:29:12,602 - root - INFO - ### SpeechAPI END ###
2018-04-11 11:29:12,602 - root - INFO - nonsilent_len : 16 dict _ len : 16
2018-04-11 11:29:12,602 - root - INFO - ### Create srt START ###
2018-04-11 11:29:12,603 - root - INFO - ### Create json START ###
2018-04-11 11:29:12,719 - root - INFO - ### Create File END ###
2018-04-11 11:29:12,719 - root - INFO - ### Python End ###
2018-04-11 11:29:12,719 - root - INFO - ########################
